::1 - - [04/Feb/2026:11:57:37 +0000] "GET / HTTP/1.1" 302 35
::1 - - [04/Feb/2026:11:57:37 +0000] "GET /movie HTTP/1.1" 200 619
::1 - - [04/Feb/2026:11:57:40 +0000] "GET /movie/delete/1 HTTP/1.1" 404 153
::1 - - [04/Feb/2026:11:57:43 +0000] "GET /movie/delete/2 HTTP/1.1" 404 153
::1 - - [04/Feb/2026:11:57:46 +0000] "GET /movie/delete/3 HTTP/1.1" 404 153
::1 - - [04/Feb/2026:11:57:49 +0000] "GET /movie/delete/1 HTTP/1.1" 404 153
::1 - - [04/Feb/2026:11:57:52 +0000] "GET /movie/delete/asd HTTP/1.1" 404 155
::1 - - [04/Feb/2026:11:57:56 +0000] "GET / HTTP/1.1" 302 35
::1 - - [04/Feb/2026:11:57:56 +0000] "GET /movie HTTP/1.1" 304 -
::1 - - [04/Feb/2026:12:20:21 +0000] "GET / HTTP/1.1" 302 35
::1 - - [04/Feb/2026:12:20:22 +0000] "GET /movie HTTP/1.1" 304 -
::1 - - [04/Feb/2026:12:20:26 +0000] "GET /favicon.ico HTTP/1.1" 404 150
::1 - - [04/Feb/2026:12:20:28 +0000] "GET /movie/delete/3 HTTP/1.1" 500 1511
::1 - - [04/Feb/2026:12:21:35 +0000] "GET /movie HTTP/1.1" 304 -
::1 - - [04/Feb/2026:12:21:36 +0000] "GET /movie HTTP/1.1" 304 -
::1 - - [04/Feb/2026:12:21:37 +0000] "GET /movie/delete/3 HTTP/1.1" 500 1469
::1 - - [04/Feb/2026:12:21:54 +0000] "GET /movie HTTP/1.1" 304 -
::1 - - [04/Feb/2026:12:22:03 +0000] "GET /movie HTTP/1.1" 304 -
::1 - - [04/Feb/2026:12:22:04 +0000] "GET /movie/delete/3 HTTP/1.1" 302 35
::1 - - [04/Feb/2026:12:22:04 +0000] "GET /movie HTTP/1.1" 200 504
::1 - - [04/Feb/2026:12:22:06 +0000] "GET /movie/delete/1 HTTP/1.1" 302 35
::1 - - [04/Feb/2026:12:22:06 +0000] "GET /movie HTTP/1.1" 200 396
::1 - - [04/Feb/2026:12:22:08 +0000] "GET /movie/delete/2 HTTP/1.1" 302 35
::1 - - [04/Feb/2026:12:22:08 +0000] "GET /movie HTTP/1.1" 200 292
::1 - - [04/Feb/2026:12:22:09 +0000] "GET /movie HTTP/1.1" 304 -
::1 - - [04/Feb/2026:12:22:15 +0000] "GET /movie HTTP/1.1" 200 619
::1 - - [04/Feb/2026:12:22:16 +0000] "GET /movie/delete/2 HTTP/1.1" 302 35
::1 - - [04/Feb/2026:12:22:16 +0000] "GET /movie HTTP/1.1" 200 515
::1 - - [04/Feb/2026:12:22:18 +0000] "GET /movie/delete/1 HTTP/1.1" 302 35
::1 - - [04/Feb/2026:12:22:18 +0000] "GET /movie HTTP/1.1" 200 407
::1 - - [04/Feb/2026:12:22:18 +0000] "GET /movie/delete/3 HTTP/1.1" 302 35
::1 - - [04/Feb/2026:12:22:18 +0000] "GET /movie HTTP/1.1" 200 292
::1 - - [04/Feb/2026:19:26:57 +0000] "GET / HTTP/1.1" - -
::1 - - [04/Feb/2026:19:26:57 +0000] "GET /movie HTTP/1.1" - -
::1 - - [04/Feb/2026:19:27:02 +0000] "GET /favicon.ico HTTP/1.1" - -
::1 - - [04/Feb/2026:19:27:05 +0000] "GET /movie/form HTTP/1.1" - -
::1 - - [04/Feb/2026:19:27:41 +0000] "GET /movie HTTP/1.1" - -
::1 - - [04/Feb/2026:19:28:00 +0000] "GET /movie HTTP/1.1" - -
::1 - - [04/Feb/2026:19:28:11 +0000] "GET /.well-known/appspecific/com.chrome.devtools.json HTTP/1.1" - -
::1 - - [04/Feb/2026:19:28:46 +0000] "GET /movie HTTP/1.1" - -
::1 - - [04/Feb/2026:19:28:46 +0000] "GET /.well-known/appspecific/com.chrome.devtools.json HTTP/1.1" - -
::1 - - [04/Feb/2026:19:28:47 +0000] "GET /movie/form/1 HTTP/1.1" - -
::1 - - [04/Feb/2026:19:28:49 +0000] "GET /.well-known/appspecific/com.chrome.devtools.json HTTP/1.1" - -
::1 - - [04/Feb/2026:19:28:49 +0000] "GET /.well-known/appspecific/com.chrome.devtools.json HTTP/1.1" - -
::1 - - [04/Feb/2026:19:28:49 +0000] "GET /movie/form/2 HTTP/1.1" - -
::1 - - [04/Feb/2026:19:28:51 +0000] "GET /.well-known/appspecific/com.chrome.devtools.json HTTP/1.1" - -
::1 - - [04/Feb/2026:19:28:51 +0000] "GET /.well-known/appspecific/com.chrome.devtools.json HTTP/1.1" - -
::1 - - [04/Feb/2026:20:17:12 +0000] "GET / HTTP/1.1" - -
::1 - - [04/Feb/2026:20:17:12 +0000] "GET /movie HTTP/1.1" - -
::1 - - [04/Feb/2026:20:17:17 +0000] "GET /favicon.ico HTTP/1.1" - -
::1 - - [04/Feb/2026:20:17:20 +0000] "GET /movie/form HTTP/1.1" - -
::1 - - [04/Feb/2026:20:17:23 +0000] "GET /.well-known/appspecific/com.chrome.devtools.json HTTP/1.1" - -
::1 - - [04/Feb/2026:20:17:30 +0000] "GET /.well-known/appspecific/com.chrome.devtools.json HTTP/1.1" - -
::1 - - [04/Feb/2026:20:17:30 +0000] "GET /.well-known/appspecific/com.chrome.devtools.json HTTP/1.1" - -
::1 - - [04/Feb/2026:20:17:31 +0000] "GET /movie/form/1 HTTP/1.1" - -
::1 - - [04/Feb/2026:20:17:31 +0000] "GET /.well-known/appspecific/com.chrome.devtools.json HTTP/1.1" - -
::1 - - [04/Feb/2026:20:17:35 +0000] "GET /.well-known/appspecific/com.chrome.devtools.json HTTP/1.1" - -
::1 - - [04/Feb/2026:20:17:35 +0000] "GET /.well-known/appspecific/com.chrome.devtools.json HTTP/1.1" - -
::1 - - [04/Feb/2026:20:18:38 +0000] "GET /movie HTTP/1.1" - -
::1 - - [04/Feb/2026:20:18:38 +0000] "GET /.well-known/appspecific/com.chrome.devtools.json HTTP/1.1" - -
::1 - - [04/Feb/2026:20:18:39 +0000] "GET /movie/form HTTP/1.1" - -
::1 - - [04/Feb/2026:20:18:39 +0000] "GET /.well-known/appspecific/com.chrome.devtools.json HTTP/1.1" - -
::1 - - [04/Feb/2026:20:18:42 +0000] "GET /.well-known/appspecific/com.chrome.devtools.json HTTP/1.1" - -
::1 - - [04/Feb/2026:20:18:42 +0000] "GET /.well-known/appspecific/com.chrome.devtools.json HTTP/1.1" - -
::1 - - [04/Feb/2026:20:18:44 +0000] "GET /movie/form/2 HTTP/1.1" - -
::1 - - [04/Feb/2026:20:18:44 +0000] "GET /.well-known/appspecific/com.chrome.devtools.json HTTP/1.1" - -
::1 - - [04/Feb/2026:20:18:46 +0000] "GET /.well-known/appspecific/com.chrome.devtools.json HTTP/1.1" - -
::1 - - [04/Feb/2026:20:18:46 +0000] "GET /.well-known/appspecific/com.chrome.devtools.json HTTP/1.1" - -
::1 - - [04/Feb/2026:20:18:46 +0000] "GET /movie/delete/2 HTTP/1.1" - -
::1 - - [04/Feb/2026:20:18:46 +0000] "GET /movie HTTP/1.1" - -
::1 - - [04/Feb/2026:20:18:46 +0000] "GET /.well-known/appspecific/com.chrome.devtools.json HTTP/1.1" - -
::1 - - [04/Feb/2026:20:18:50 +0000] "GET /movie/form HTTP/1.1" - -
::1 - - [04/Feb/2026:20:18:50 +0000] "GET /.well-known/appspecific/com.chrome.devtools.json HTTP/1.1" - -
::1 - - [04/Feb/2026:20:20:06 +0000] "GET /movie/form HTTP/1.1" - -
::1 - - [04/Feb/2026:20:20:07 +0000] "GET /.well-known/appspecific/com.chrome.devtools.json HTTP/1.1" - -
::1 - - [04/Feb/2026:20:21:06 +0000] "GET / HTTP/1.1" - -
::1 - - [04/Feb/2026:20:21:06 +0000] "GET /movie HTTP/1.1" - -
::1 - - [04/Feb/2026:20:21:08 +0000] "GET /movie/form HTTP/1.1" - -
::1 - - [04/Feb/2026:20:21:11 +0000] "GET /movie/form/1 HTTP/1.1" - -
::1 - - [04/Feb/2026:20:21:14 +0000] "GET /movie/form/2 HTTP/1.1" - -
::1 - - [04/Feb/2026:20:21:15 +0000] "GET /movie/form/3 HTTP/1.1" - -
::1 - - [04/Feb/2026:20:21:18 +0000] "GET /movie/form HTTP/1.1" - -
::1 - - [04/Feb/2026:20:54:00 +0000] "GET / HTTP/1.1" - -
::1 - - [04/Feb/2026:20:54:00 +0000] "GET /movie HTTP/1.1" - -
::1 - - [04/Feb/2026:20:54:00 +0000] "GET /favicon.ico HTTP/1.1" - -
::1 - - [04/Feb/2026:20:54:07 +0000] "GET /movie/form HTTP/1.1" - -
::1 - - [04/Feb/2026:20:54:50 +0000] "GET / HTTP/1.1" - -
::1 - - [04/Feb/2026:20:54:50 +0000] "GET /movie HTTP/1.1" - -
::1 - - [04/Feb/2026:20:54:52 +0000] "GET /movie/form HTTP/1.1" - -
::1 - - [04/Feb/2026:20:55:06 +0000] "POST /movie/save HTTP/1.1" - -
::1 - - [04/Feb/2026:20:55:36 +0000] "GET /movie/form/2 HTTP/1.1" - -
::1 - - [04/Feb/2026:20:55:41 +0000] "POST /movie/save HTTP/1.1" - -
::1 - - [04/Feb/2026:20:58:05 +0000] "GET / HTTP/1.1" - -
::1 - - [04/Feb/2026:20:58:05 +0000] "GET /movie HTTP/1.1" - -
::1 - - [04/Feb/2026:20:58:05 +0000] "GET /favicon.ico HTTP/1.1" - -
::1 - - [04/Feb/2026:20:58:07 +0000] "GET /movie HTTP/1.1" - -
::1 - - [04/Feb/2026:20:58:08 +0000] "GET /movie/form HTTP/1.1" - -
::1 - - [04/Feb/2026:20:58:09 +0000] "POST /movie/save HTTP/1.1" - -
::1 - - [04/Feb/2026:21:02:53 +0000] "GET / HTTP/1.1" - -
::1 - - [04/Feb/2026:21:02:53 +0000] "GET /movie HTTP/1.1" - -
::1 - - [04/Feb/2026:21:02:54 +0000] "GET /favicon.ico HTTP/1.1" - -
::1 - - [04/Feb/2026:21:02:55 +0000] "GET /movie/form HTTP/1.1" - -
::1 - - [04/Feb/2026:21:02:58 +0000] "POST /movie/save HTTP/1.1" - -
::1 - - [04/Feb/2026:21:11:37 +0000] "GET / HTTP/1.1" - -
::1 - - [04/Feb/2026:21:11:37 +0000] "GET /movie HTTP/1.1" - -
::1 - - [04/Feb/2026:21:11:37 +0000] "GET /favicon.ico HTTP/1.1" - -
::1 - - [04/Feb/2026:21:11:39 +0000] "GET /movie/form HTTP/1.1" - -
::1 - - [04/Feb/2026:21:11:41 +0000] "POST /movie/save HTTP/1.1" - -
::1 - - [04/Feb/2026:21:14:02 +0000] "GET /movie/form HTTP/1.1" - -
::1 - - [04/Feb/2026:21:14:05 +0000] "GET /movie HTTP/1.1" - -
::1 - - [04/Feb/2026:21:14:10 +0000] "GET /movie/form HTTP/1.1" - -
::1 - - [04/Feb/2026:21:14:19 +0000] "POST /movie/save HTTP/1.1" - -
::1 - - [04/Feb/2026:21:14:19 +0000] "GET /movie HTTP/1.1" - -
::1 - - [04/Feb/2026:21:14:21 +0000] "GET /movie/form/4 HTTP/1.1" - -
::1 - - [04/Feb/2026:21:14:27 +0000] "POST /movie/save HTTP/1.1" - -
::1 - - [04/Feb/2026:21:14:27 +0000] "GET /movie HTTP/1.1" - -
::1 - - [04/Feb/2026:21:14:29 +0000] "GET /movie/form/4 HTTP/1.1" - -
::1 - - [04/Feb/2026:21:14:31 +0000] "GET /movie/delete/4 HTTP/1.1" - -
::1 - - [04/Feb/2026:21:14:31 +0000] "GET /movie HTTP/1.1" - -
::1 - - [04/Feb/2026:21:14:36 +0000] "GET /movie/delete/2 HTTP/1.1" - -
::1 - - [04/Feb/2026:21:14:36 +0000] "GET /movie HTTP/1.1" - -
::1 - - [04/Feb/2026:21:14:38 +0000] "GET /movie/form HTTP/1.1" - -
::1 - - [04/Feb/2026:21:14:40 +0000] "POST /movie/save HTTP/1.1" - -
::1 - - [04/Feb/2026:21:14:40 +0000] "GET /movie HTTP/1.1" - -
::1 - - [04/Feb/2026:21:14:43 +0000] "GET /movie/delete/1 HTTP/1.1" - -
::1 - - [04/Feb/2026:21:14:43 +0000] "GET /movie HTTP/1.1" - -
::1 - - [04/Feb/2026:21:14:43 +0000] "GET /movie/delete/3 HTTP/1.1" - -
::1 - - [04/Feb/2026:21:14:43 +0000] "GET /movie HTTP/1.1" - -
::1 - - [04/Feb/2026:21:14:45 +0000] "GET /movie/delete/4 HTTP/1.1" - -
::1 - - [04/Feb/2026:21:14:45 +0000] "GET /movie HTTP/1.1" - -
::1 - - [04/Feb/2026:21:14:46 +0000] "GET /movie/form HTTP/1.1" - -
::1 - - [04/Feb/2026:21:14:48 +0000] "POST /movie/save HTTP/1.1" - -
::1 - - [04/Feb/2026:21:14:48 +0000] "GET /movie HTTP/1.1" - -
::1 - - [04/Feb/2026:21:14:52 +0000] "GET /movie/form HTTP/1.1" - -
::1 - - [04/Feb/2026:21:14:55 +0000] "POST /movie/save HTTP/1.1" - -
::1 - - [04/Feb/2026:21:14:55 +0000] "GET /movie HTTP/1.1" - -
::1 - - [04/Feb/2026:21:14:57 +0000] "GET /movie/form HTTP/1.1" - -
::1 - - [04/Feb/2026:21:15:05 +0000] "POST /movie/save HTTP/1.1" - -
::1 - - [04/Feb/2026:21:15:05 +0000] "GET /movie HTTP/1.1" - -
::1 - - [05/Feb/2026:09:21:55 +0000] "GET / HTTP/1.1" - -
::1 - - [05/Feb/2026:09:21:57 +0000] "GET /movie HTTP/1.1" - -
::1 - - [05/Feb/2026:09:21:59 +0000] "GET /favicon.ico HTTP/1.1" - -
::1 - - [05/Feb/2026:09:22:01 +0000] "GET /movie/form HTTP/1.1" - -
::1 - - [05/Feb/2026:09:22:04 +0000] "POST /movie/save HTTP/1.1" - -
::1 - - [05/Feb/2026:09:22:04 +0000] "GET /movie HTTP/1.1" - -
::1 - - [05/Feb/2026:09:22:06 +0000] "GET /movie/form/4 HTTP/1.1" - -
::1 - - [05/Feb/2026:09:22:09 +0000] "POST /movie/save HTTP/1.1" - -
::1 - - [05/Feb/2026:09:22:09 +0000] "GET /movie HTTP/1.1" - -
::1 - - [05/Feb/2026:09:22:12 +0000] "GET /movie/delete/4 HTTP/1.1" - -
::1 - - [05/Feb/2026:09:22:12 +0000] "GET /movie HTTP/1.1" - -
::1 - - [05/Feb/2026:09:22:13 +0000] "GET /movie/form HTTP/1.1" - -
::1 - - [05/Feb/2026:09:22:15 +0000] "GET /movie/form/3 HTTP/1.1" - -
::1 - - [05/Feb/2026:09:37:47 +0000] "GET / HTTP/1.1" - -
::1 - - [05/Feb/2026:09:37:47 +0000] "GET /movie HTTP/1.1" - -
::1 - - [05/Feb/2026:09:37:47 +0000] "GET / HTTP/1.1" - -
::1 - - [05/Feb/2026:09:37:47 +0000] "GET /movie HTTP/1.1" - -
::1 - - [05/Feb/2026:09:38:21 +0000] "GET /movie HTTP/1.1" - -
::1 - - [05/Feb/2026:09:38:34 +0000] "GET /.well-known/appspecific/com.chrome.devtools.json HTTP/1.1" - -
::1 - - [05/Feb/2026:09:39:30 +0000] "GET /movie HTTP/1.1" - -
::1 - - [05/Feb/2026:09:39:30 +0000] "GET /.well-known/appspecific/com.chrome.devtools.json HTTP/1.1" - -
::1 - - [05/Feb/2026:09:39:38 +0000] "GET /movie/form HTTP/1.1" - -
::1 - - [05/Feb/2026:09:39:38 +0000] "GET /.well-known/appspecific/com.chrome.devtools.json HTTP/1.1" - -
::1 - - [05/Feb/2026:09:39:39 +0000] "GET /.well-known/appspecific/com.chrome.devtools.json HTTP/1.1" - -
::1 - - [05/Feb/2026:09:39:40 +0000] "GET /.well-known/appspecific/com.chrome.devtools.json HTTP/1.1" - -
::1 - - [05/Feb/2026:09:43:01 +0000] "GET /movie HTTP/1.1" - -
::1 - - [05/Feb/2026:09:43:01 +0000] "GET /.well-known/appspecific/com.chrome.devtools.json HTTP/1.1" - -
::1 - - [05/Feb/2026:09:43:02 +0000] "GET /movie HTTP/1.1" - -
::1 - - [05/Feb/2026:09:43:02 +0000] "GET /.well-known/appspecific/com.chrome.devtools.json HTTP/1.1" - -
::1 - - [05/Feb/2026:09:43:05 +0000] "GET / HTTP/1.1" - -
::1 - - [05/Feb/2026:09:43:05 +0000] "GET /movie HTTP/1.1" - -
::1 - - [05/Feb/2026:09:43:05 +0000] "GET /.well-known/appspecific/com.chrome.devtools.json HTTP/1.1" - -
::1 - - [05/Feb/2026:09:43:07 +0000] "GET /movie/form HTTP/1.1" - -
::1 - - [05/Feb/2026:09:43:07 +0000] "GET /.well-known/appspecific/com.chrome.devtools.json HTTP/1.1" - -
::1 - - [05/Feb/2026:09:43:08 +0000] "GET /.well-known/appspecific/com.chrome.devtools.json HTTP/1.1" - -
::1 - - [05/Feb/2026:09:43:08 +0000] "GET /.well-known/appspecific/com.chrome.devtools.json HTTP/1.1" - -
::1 - - [05/Feb/2026:09:43:09 +0000] "GET /movie/delete/1 HTTP/1.1" - -
::1 - - [05/Feb/2026:09:43:09 +0000] "GET /movie HTTP/1.1" - -
::1 - - [05/Feb/2026:09:43:09 +0000] "GET /.well-known/appspecific/com.chrome.devtools.json HTTP/1.1" - -
::1 - - [05/Feb/2026:09:44:34 +0000] "GET /movie HTTP/1.1" - -
::1 - - [05/Feb/2026:09:45:00 +0000] "GET /movie HTTP/1.1" - -
::1 - - [05/Feb/2026:09:45:00 +0000] "GET /.well-known/appspecific/com.chrome.devtools.json HTTP/1.1" - -
::1 - - [05/Feb/2026:09:45:17 +0000] "GET /movie HTTP/1.1" - -
::1 - - [05/Feb/2026:09:45:17 +0000] "GET /.well-known/appspecific/com.chrome.devtools.json HTTP/1.1" - -
::1 - - [05/Feb/2026:09:45:20 +0000] "GET / HTTP/1.1" - -
::1 - - [05/Feb/2026:09:45:20 +0000] "GET /movie HTTP/1.1" - -
::1 - - [05/Feb/2026:09:45:20 +0000] "GET /.well-known/appspecific/com.chrome.devtools.json HTTP/1.1" - -
::1 - - [05/Feb/2026:09:46:12 +0000] "GET / HTTP/1.1" - -
::1 - - [05/Feb/2026:09:46:12 +0000] "GET /movie HTTP/1.1" - -
::1 - - [05/Feb/2026:09:46:13 +0000] "GET /favicon.ico HTTP/1.1" - -
::1 - - [05/Feb/2026:09:46:16 +0000] "GET /.well-known/appspecific/com.chrome.devtools.json HTTP/1.1" - -
::1 - - [05/Feb/2026:09:46:25 +0000] "GET /movie HTTP/1.1" - -
::1 - - [05/Feb/2026:09:46:25 +0000] "GET /.well-known/appspecific/com.chrome.devtools.json HTTP/1.1" - -
::1 - - [05/Feb/2026:09:46:28 +0000] "GET /movie HTTP/1.1" - -
::1 - - [05/Feb/2026:09:46:28 +0000] "GET /.well-known/appspecific/com.chrome.devtools.json HTTP/1.1" - -
::1 - - [05/Feb/2026:09:46:29 +0000] "GET /movie HTTP/1.1" - -
::1 - - [05/Feb/2026:09:46:29 +0000] "GET /.well-known/appspecific/com.chrome.devtools.json HTTP/1.1" - -
::1 - - [05/Feb/2026:09:46:29 +0000] "GET /movie HTTP/1.1" - -
::1 - - [05/Feb/2026:09:46:29 +0000] "GET /.well-known/appspecific/com.chrome.devtools.json HTTP/1.1" - -
::1 - - [05/Feb/2026:09:46:29 +0000] "GET /movie HTTP/1.1" - -
::1 - - [05/Feb/2026:09:46:29 +0000] "GET /.well-known/appspecific/com.chrome.devtools.json HTTP/1.1" - -
::1 - - [05/Feb/2026:09:46:44 +0000] "GET / HTTP/1.1" - -
::1 - - [05/Feb/2026:09:46:44 +0000] "GET /movie HTTP/1.1" - -
::1 - - [05/Feb/2026:09:46:44 +0000] "GET /.well-known/appspecific/com.chrome.devtools.json HTTP/1.1" - -
::1 - - [05/Feb/2026:09:46:49 +0000] "GET /movie/delete/1 HTTP/1.1" - -
::1 - - [05/Feb/2026:09:46:49 +0000] "GET /movie HTTP/1.1" - -
::1 - - [05/Feb/2026:09:46:49 +0000] "GET /.well-known/appspecific/com.chrome.devtools.json HTTP/1.1" - -
::1 - - [05/Feb/2026:09:46:50 +0000] "GET /movie/delete/1 HTTP/1.1" - -
::1 - - [05/Feb/2026:09:46:50 +0000] "GET /movie HTTP/1.1" - -
::1 - - [05/Feb/2026:09:46:50 +0000] "GET /.well-known/appspecific/com.chrome.devtools.json HTTP/1.1" - -
::1 - - [05/Feb/2026:09:46:51 +0000] "GET /movie/delete/1 HTTP/1.1" - -
::1 - - [05/Feb/2026:09:46:51 +0000] "GET /movie HTTP/1.1" - -
::1 - - [05/Feb/2026:09:46:51 +0000] "GET /.well-known/appspecific/com.chrome.devtools.json HTTP/1.1" - -
::1 - - [05/Feb/2026:09:46:51 +0000] "GET /movie/delete/1 HTTP/1.1" - -
::1 - - [05/Feb/2026:09:46:51 +0000] "GET /movie HTTP/1.1" - -
::1 - - [05/Feb/2026:09:46:51 +0000] "GET /.well-known/appspecific/com.chrome.devtools.json HTTP/1.1" - -
::1 - - [05/Feb/2026:09:46:52 +0000] "GET /movie/delete/1 HTTP/1.1" - -
::1 - - [05/Feb/2026:09:46:52 +0000] "GET /movie HTTP/1.1" - -
::1 - - [05/Feb/2026:09:46:52 +0000] "GET /.well-known/appspecific/com.chrome.devtools.json HTTP/1.1" - -
::1 - - [05/Feb/2026:09:46:52 +0000] "GET /movie/delete/1 HTTP/1.1" - -
::1 - - [05/Feb/2026:09:46:52 +0000] "GET /movie HTTP/1.1" - -
::1 - - [05/Feb/2026:09:46:52 +0000] "GET /.well-known/appspecific/com.chrome.devtools.json HTTP/1.1" - -
::1 - - [05/Feb/2026:09:46:53 +0000] "GET /movie/delete/1 HTTP/1.1" - -
::1 - - [05/Feb/2026:09:46:53 +0000] "GET /movie HTTP/1.1" - -
::1 - - [05/Feb/2026:09:46:53 +0000] "GET /.well-known/appspecific/com.chrome.devtools.json HTTP/1.1" - -
::1 - - [05/Feb/2026:09:46:54 +0000] "GET /movie/delete/1 HTTP/1.1" - -
::1 - - [05/Feb/2026:09:46:54 +0000] "GET /movie HTTP/1.1" - -
::1 - - [05/Feb/2026:09:46:54 +0000] "GET /.well-known/appspecific/com.chrome.devtools.json HTTP/1.1" - -
::1 - - [05/Feb/2026:09:46:55 +0000] "GET /movie/form/1 HTTP/1.1" - -
::1 - - [05/Feb/2026:09:47:03 +0000] "GET /.well-known/appspecific/com.chrome.devtools.json HTTP/1.1" - -
::1 - - [05/Feb/2026:09:47:03 +0000] "GET /.well-known/appspecific/com.chrome.devtools.json HTTP/1.1" - -
::1 - - [05/Feb/2026:09:47:04 +0000] "GET /movie/form HTTP/1.1" - -
::1 - - [05/Feb/2026:09:47:04 +0000] "GET /.well-known/appspecific/com.chrome.devtools.json HTTP/1.1" - -
::1 - - [05/Feb/2026:09:47:05 +0000] "GET /.well-known/appspecific/com.chrome.devtools.json HTTP/1.1" - -
::1 - - [05/Feb/2026:09:47:05 +0000] "GET /.well-known/appspecific/com.chrome.devtools.json HTTP/1.1" - -
::1 - - [05/Feb/2026:09:47:06 +0000] "GET /movie/form/1 HTTP/1.1" - -
::1 - - [05/Feb/2026:09:50:14 +0000] "GET / HTTP/1.1" - -
::1 - - [05/Feb/2026:09:50:14 +0000] "GET /movie HTTP/1.1" - -
::1 - - [05/Feb/2026:09:50:15 +0000] "GET /.well-known/appspecific/com.chrome.devtools.json HTTP/1.1" - -
::1 - - [05/Feb/2026:09:50:30 +0000] "GET /.well-known/appspecific/com.chrome.devtools.json HTTP/1.1" - -
::1 - - [05/Feb/2026:10:01:58 +0000] "GET /movie HTTP/1.1" - -
::1 - - [05/Feb/2026:10:02:03 +0000] "GET / HTTP/1.1" - -
::1 - - [05/Feb/2026:10:02:03 +0000] "GET /movie HTTP/1.1" - -
::1 - - [05/Feb/2026:10:02:07 +0000] "GET /movie/delete/1 HTTP/1.1" - -
::1 - - [05/Feb/2026:10:02:07 +0000] "GET /movie HTTP/1.1" - -
::1 - - [05/Feb/2026:10:02:10 +0000] "GET /movie/delete/2 HTTP/1.1" - -
::1 - - [05/Feb/2026:10:02:10 +0000] "GET /movie HTTP/1.1" - -
::1 - - [05/Feb/2026:10:02:11 +0000] "GET /movie/delete/3 HTTP/1.1" - -
::1 - - [05/Feb/2026:10:02:11 +0000] "GET /movie HTTP/1.1" - -
::1 - - [05/Feb/2026:10:02:25 +0000] "GET /movie HTTP/1.1" - -
::1 - - [05/Feb/2026:10:02:32 +0000] "GET /movie HTTP/1.1" - -
::1 - - [05/Feb/2026:10:02:33 +0000] "GET /.well-known/appspecific/com.chrome.devtools.json HTTP/1.1" - -
::1 - - [05/Feb/2026:10:02:40 +0000] "GET /movie HTTP/1.1" - -
::1 - - [05/Feb/2026:10:02:40 +0000] "GET /.well-known/appspecific/com.chrome.devtools.json HTTP/1.1" - -
::1 - - [05/Feb/2026:10:02:43 +0000] "GET /movie/form/1 HTTP/1.1" - -
::1 - - [05/Feb/2026:10:02:43 +0000] "GET /.well-known/appspecific/com.chrome.devtools.json HTTP/1.1" - -
::1 - - [05/Feb/2026:10:02:45 +0000] "GET /.well-known/appspecific/com.chrome.devtools.json HTTP/1.1" - -
::1 - - [05/Feb/2026:10:02:45 +0000] "GET /.well-known/appspecific/com.chrome.devtools.json HTTP/1.1" - -
::1 - - [05/Feb/2026:10:02:46 +0000] "GET /movie/form HTTP/1.1" - -
::1 - - [05/Feb/2026:10:02:46 +0000] "GET /.well-known/appspecific/com.chrome.devtools.json HTTP/1.1" - -
::1 - - [05/Feb/2026:10:02:49 +0000] "POST /movie/save HTTP/1.1" - -
::1 - - [05/Feb/2026:10:02:49 +0000] "GET /movie HTTP/1.1" - -
::1 - - [05/Feb/2026:10:02:49 +0000] "GET /.well-known/appspecific/com.chrome.devtools.json HTTP/1.1" - -
::1 - - [05/Feb/2026:10:02:52 +0000] "GET /movie/delete/1 HTTP/1.1" - -
::1 - - [05/Feb/2026:10:02:52 +0000] "GET /movie HTTP/1.1" - -
::1 - - [05/Feb/2026:10:02:52 +0000] "GET /.well-known/appspecific/com.chrome.devtools.json HTTP/1.1" - -
::1 - - [05/Feb/2026:10:02:53 +0000] "GET /movie/delete/2 HTTP/1.1" - -
::1 - - [05/Feb/2026:10:02:53 +0000] "GET /movie HTTP/1.1" - -
::1 - - [05/Feb/2026:10:02:53 +0000] "GET /.well-known/appspecific/com.chrome.devtools.json HTTP/1.1" - -
::1 - - [05/Feb/2026:10:02:54 +0000] "GET /movie/delete/3 HTTP/1.1" - -
::1 - - [05/Feb/2026:10:02:54 +0000] "GET /movie HTTP/1.1" - -
::1 - - [05/Feb/2026:10:02:54 +0000] "GET /.well-known/appspecific/com.chrome.devtools.json HTTP/1.1" - -
::1 - - [05/Feb/2026:10:02:57 +0000] "GET /movie/form HTTP/1.1" - -
::1 - - [05/Feb/2026:10:02:57 +0000] "GET /.well-known/appspecific/com.chrome.devtools.json HTTP/1.1" - -
::1 - - [05/Feb/2026:10:02:59 +0000] "GET /.well-known/appspecific/com.chrome.devtools.json HTTP/1.1" - -
::1 - - [05/Feb/2026:10:02:59 +0000] "GET /.well-known/appspecific/com.chrome.devtools.json HTTP/1.1" - -
::1 - - [05/Feb/2026:10:02:59 +0000] "GET /movie/delete/4 HTTP/1.1" - -
::1 - - [05/Feb/2026:10:02:59 +0000] "GET /movie HTTP/1.1" - -
::1 - - [05/Feb/2026:10:04:14 +0000] "GET / HTTP/1.1" - -
::1 - - [05/Feb/2026:10:04:14 +0000] "GET /movie HTTP/1.1" - -
::1 - - [05/Feb/2026:10:04:15 +0000] "GET /favicon.ico HTTP/1.1" - -
::1 - - [05/Feb/2026:10:04:16 +0000] "GET /movie/delete/1 HTTP/1.1" - -
::1 - - [05/Feb/2026:10:04:16 +0000] "GET /movie HTTP/1.1" - -
::1 - - [05/Feb/2026:10:04:16 +0000] "GET /movie/form/2 HTTP/1.1" - -
::1 - - [05/Feb/2026:10:04:18 +0000] "POST /movie/save HTTP/1.1" - -
::1 - - [05/Feb/2026:10:04:18 +0000] "GET /movie HTTP/1.1" - -
::1 - - [05/Feb/2026:10:04:20 +0000] "GET /movie/form/2 HTTP/1.1" - -
::1 - - [05/Feb/2026:10:04:23 +0000] "POST /movie/save HTTP/1.1" - -
::1 - - [05/Feb/2026:10:04:23 +0000] "GET /movie HTTP/1.1" - -
::1 - - [05/Feb/2026:10:04:24 +0000] "GET /movie/delete/2 HTTP/1.1" - -
::1 - - [05/Feb/2026:10:04:24 +0000] "GET /movie HTTP/1.1" - -
::1 - - [05/Feb/2026:10:04:25 +0000] "GET /movie/delete/3 HTTP/1.1" - -
::1 - - [05/Feb/2026:10:04:25 +0000] "GET /movie HTTP/1.1" - -
::1 - - [06/Feb/2026:04:45:26 +0000] "GET / HTTP/1.1" - -
::1 - - [06/Feb/2026:04:45:26 +0000] "GET /movie HTTP/1.1" - -
::1 - - [06/Feb/2026:04:45:29 +0000] "GET /favicon.ico HTTP/1.1" - -
::1 - - [06/Feb/2026:04:46:58 +0000] "GET /movie HTTP/1.1" - -
::1 - - [06/Feb/2026:04:47:02 +0000] "GET /.well-known/appspecific/com.chrome.devtools.json HTTP/1.1" - -
::1 - - [06/Feb/2026:05:00:18 +0000] "GET /movie HTTP/1.1" - -
::1 - - [06/Feb/2026:05:00:46 +0000] "GET /movie HTTP/1.1" - -
::1 - - [06/Feb/2026:05:00:46 +0000] "GET /.well-known/appspecific/com.chrome.devtools.json HTTP/1.1" - -
::1 - - [06/Feb/2026:05:00:48 +0000] "GET /movie/form HTTP/1.1" - -
::1 - - [06/Feb/2026:05:00:48 +0000] "GET /.well-known/appspecific/com.chrome.devtools.json HTTP/1.1" - -
::1 - - [06/Feb/2026:05:00:58 +0000] "POST /movie/save HTTP/1.1" - -
::1 - - [06/Feb/2026:05:00:58 +0000] "GET /movie HTTP/1.1" - -
::1 - - [06/Feb/2026:05:00:58 +0000] "GET /.well-known/appspecific/com.chrome.devtools.json HTTP/1.1" - -
::1 - - [06/Feb/2026:05:01:08 +0000] "GET /movie/delete/3 HTTP/1.1" - -
::1 - - [06/Feb/2026:05:01:08 +0000] "GET /movie HTTP/1.1" - -
::1 - - [06/Feb/2026:05:01:08 +0000] "GET /.well-known/appspecific/com.chrome.devtools.json HTTP/1.1" - -
::1 - - [06/Feb/2026:05:01:10 +0000] "GET /movie/delete/1 HTTP/1.1" - -
::1 - - [06/Feb/2026:05:01:10 +0000] "GET /movie HTTP/1.1" - -
::1 - - [06/Feb/2026:05:01:10 +0000] "GET /.well-known/appspecific/com.chrome.devtools.json HTTP/1.1" - -
::1 - - [06/Feb/2026:05:01:16 +0000] "GET /movie/form HTTP/1.1" - -
::1 - - [06/Feb/2026:05:01:16 +0000] "GET /.well-known/appspecific/com.chrome.devtools.json HTTP/1.1" - -
::1 - - [06/Feb/2026:05:01:24 +0000] "POST /movie/save HTTP/1.1" - -
::1 - - [06/Feb/2026:05:01:25 +0000] "GET /movie HTTP/1.1" - -
::1 - - [06/Feb/2026:05:01:25 +0000] "GET /.well-known/appspecific/com.chrome.devtools.json HTTP/1.1" - -
::1 - - [06/Feb/2026:05:37:36 +0000] "GET /movie HTTP/1.1" - -
::1 - - [06/Feb/2026:05:38:24 +0000] "GET /movie HTTP/1.1" - -
::1 - - [06/Feb/2026:05:41:24 +0000] "GET / HTTP/1.1" - -
::1 - - [06/Feb/2026:05:41:24 +0000] "GET /movie HTTP/1.1" - -
::1 - - [06/Feb/2026:05:41:28 +0000] "GET /favicon.ico HTTP/1.1" - -
::1 - - [06/Feb/2026:05:41:45 +0000] "GET /.well-known/appspecific/com.chrome.devtools.json HTTP/1.1" - -
::1 - - [06/Feb/2026:05:42:04 +0000] "GET /movie HTTP/1.1" - -
::1 - - [06/Feb/2026:05:42:04 +0000] "GET /.well-known/appspecific/com.chrome.devtools.json HTTP/1.1" - -
::1 - - [06/Feb/2026:05:43:07 +0000] "GET / HTTP/1.1" - -
::1 - - [06/Feb/2026:05:43:07 +0000] "GET /movie HTTP/1.1" - -
::1 - - [06/Feb/2026:05:43:07 +0000] "GET /favicon.ico HTTP/1.1" - -
::1 - - [06/Feb/2026:05:43:09 +0000] "GET /movie HTTP/1.1" - -
::1 - - [06/Feb/2026:05:43:10 +0000] "GET /movie HTTP/1.1" - -
::1 - - [06/Feb/2026:05:43:10 +0000] "GET /movie HTTP/1.1" - -
::1 - - [06/Feb/2026:05:43:10 +0000] "GET /movie HTTP/1.1" - -
::1 - - [06/Feb/2026:05:43:11 +0000] "GET /movie HTTP/1.1" - -
::1 - - [06/Feb/2026:05:43:41 +0000] "GET /movie HTTP/1.1" - -
::1 - - [06/Feb/2026:05:44:18 +0000] "GET /movie HTTP/1.1" - -
::1 - - [06/Feb/2026:05:47:59 +0000] "GET /movie HTTP/1.1" - -
::1 - - [06/Feb/2026:05:48:43 +0000] "GET /movie HTTP/1.1" - -
::1 - - [06/Feb/2026:05:48:44 +0000] "GET /movie HTTP/1.1" - -
::1 - - [06/Feb/2026:05:49:10 +0000] "GET /movie HTTP/1.1" - -
::1 - - [06/Feb/2026:05:49:11 +0000] "GET /movie HTTP/1.1" - -
::1 - - [06/Feb/2026:05:49:11 +0000] "GET /movie HTTP/1.1" - -
::1 - - [06/Feb/2026:05:49:20 +0000] "GET /.well-known/appspecific/com.chrome.devtools.json HTTP/1.1" - -
::1 - - [06/Feb/2026:05:50:38 +0000] "GET /movie HTTP/1.1" - -
::1 - - [06/Feb/2026:05:50:39 +0000] "GET /.well-known/appspecific/com.chrome.devtools.json HTTP/1.1" - -
::1 - - [06/Feb/2026:05:50:59 +0000] "GET /movie HTTP/1.1" - -
::1 - - [06/Feb/2026:05:50:59 +0000] "GET /.well-known/appspecific/com.chrome.devtools.json HTTP/1.1" - -
::1 - - [06/Feb/2026:05:51:00 +0000] "GET /movie HTTP/1.1" - -
::1 - - [06/Feb/2026:05:51:00 +0000] "GET /.well-known/appspecific/com.chrome.devtools.json HTTP/1.1" - -
::1 - - [06/Feb/2026:05:51:45 +0000] "GET /movie HTTP/1.1" - -
::1 - - [06/Feb/2026:05:51:46 +0000] "GET /.well-known/appspecific/com.chrome.devtools.json HTTP/1.1" - -
::1 - - [06/Feb/2026:05:51:53 +0000] "GET /movie HTTP/1.1" - -
::1 - - [06/Feb/2026:05:51:54 +0000] "GET /.well-known/appspecific/com.chrome.devtools.json HTTP/1.1" - -
::1 - - [06/Feb/2026:05:52:10 +0000] "GET /movie HTTP/1.1" - -
::1 - - [06/Feb/2026:05:52:11 +0000] "GET /.well-known/appspecific/com.chrome.devtools.json HTTP/1.1" - -
::1 - - [06/Feb/2026:05:52:12 +0000] "GET /movie HTTP/1.1" - -
::1 - - [06/Feb/2026:05:52:12 +0000] "GET /.well-known/appspecific/com.chrome.devtools.json HTTP/1.1" - -
::1 - - [06/Feb/2026:05:52:23 +0000] "GET /movie HTTP/1.1" - -
::1 - - [06/Feb/2026:05:52:24 +0000] "GET /.well-known/appspecific/com.chrome.devtools.json HTTP/1.1" - -
::1 - - [06/Feb/2026:05:52:32 +0000] "GET /movie HTTP/1.1" - -
::1 - - [06/Feb/2026:05:52:33 +0000] "GET /.well-known/appspecific/com.chrome.devtools.json HTTP/1.1" - -
::1 - - [06/Feb/2026:05:52:39 +0000] "GET /.well-known/appspecific/com.chrome.devtools.json HTTP/1.1" - -
::1 - - [06/Feb/2026:05:55:01 +0000] "GET /movie HTTP/1.1" - -
::1 - - [06/Feb/2026:05:55:01 +0000] "GET /.well-known/appspecific/com.chrome.devtools.json HTTP/1.1" - -
::1 - - [06/Feb/2026:05:58:55 +0000] "GET /movie HTTP/1.1" - -
::1 - - [06/Feb/2026:05:58:55 +0000] "GET /.well-known/appspecific/com.chrome.devtools.json HTTP/1.1" - -
::1 - - [06/Feb/2026:05:59:00 +0000] "GET /movie HTTP/1.1" - -
::1 - - [06/Feb/2026:05:59:00 +0000] "GET /.well-known/appspecific/com.chrome.devtools.json HTTP/1.1" - -
::1 - - [06/Feb/2026:05:59:21 +0000] "GET /movie HTTP/1.1" - -
::1 - - [06/Feb/2026:05:59:21 +0000] "GET /.well-known/appspecific/com.chrome.devtools.json HTTP/1.1" - -
::1 - - [06/Feb/2026:05:59:23 +0000] "GET /movie HTTP/1.1" - -
::1 - - [06/Feb/2026:05:59:23 +0000] "GET /.well-known/appspecific/com.chrome.devtools.json HTTP/1.1" - -
::1 - - [06/Feb/2026:05:59:42 +0000] "GET /movie HTTP/1.1" - -
::1 - - [06/Feb/2026:05:59:42 +0000] "GET /.well-known/appspecific/com.chrome.devtools.json HTTP/1.1" - -
::1 - - [06/Feb/2026:06:01:08 +0000] "GET /movie HTTP/1.1" - -
::1 - - [06/Feb/2026:06:01:08 +0000] "GET /.well-known/appspecific/com.chrome.devtools.json HTTP/1.1" - -
::1 - - [06/Feb/2026:06:01:43 +0000] "GET /movie HTTP/1.1" - -
::1 - - [06/Feb/2026:06:01:43 +0000] "GET /.well-known/appspecific/com.chrome.devtools.json HTTP/1.1" - -
::1 - - [06/Feb/2026:06:03:49 +0000] "GET / HTTP/1.1" - -
::1 - - [06/Feb/2026:06:03:49 +0000] "GET /movie HTTP/1.1" - -
::1 - - [06/Feb/2026:06:03:49 +0000] "GET /.well-known/appspecific/com.chrome.devtools.json HTTP/1.1" - -
::1 - - [06/Feb/2026:06:03:49 +0000] "GET /favicon.ico HTTP/1.1" - -
::1 - - [06/Feb/2026:06:04:25 +0000] "GET / HTTP/1.1" - -
::1 - - [06/Feb/2026:06:04:25 +0000] "GET /movie HTTP/1.1" - -
::1 - - [06/Feb/2026:06:04:26 +0000] "GET /.well-known/appspecific/com.chrome.devtools.json HTTP/1.1" - -
::1 - - [06/Feb/2026:06:58:39 +0000] "GET / HTTP/1.1" - -
::1 - - [06/Feb/2026:06:58:40 +0000] "GET /movie HTTP/1.1" - -
::1 - - [06/Feb/2026:06:58:45 +0000] "GET /.well-known/appspecific/com.chrome.devtools.json HTTP/1.1" - -
::1 - - [06/Feb/2026:06:58:49 +0000] "GET /movie HTTP/1.1" - -
::1 - - [06/Feb/2026:06:58:49 +0000] "GET /.well-known/appspecific/com.chrome.devtools.json HTTP/1.1" - -
::1 - - [06/Feb/2026:06:58:57 +0000] "GET /movie HTTP/1.1" - -
::1 - - [06/Feb/2026:06:58:58 +0000] "GET /.well-known/appspecific/com.chrome.devtools.json HTTP/1.1" - -
::1 - - [06/Feb/2026:06:59:00 +0000] "GET / HTTP/1.1" - -
::1 - - [06/Feb/2026:06:59:00 +0000] "GET /movie HTTP/1.1" - -
::1 - - [06/Feb/2026:06:59:00 +0000] "GET /.well-known/appspecific/com.chrome.devtools.json HTTP/1.1" - -
::1 - - [06/Feb/2026:06:59:11 +0000] "GET /movie HTTP/1.1" - -
::1 - - [06/Feb/2026:06:59:11 +0000] "GET /.well-known/appspecific/com.chrome.devtools.json HTTP/1.1" - -
::1 - - [06/Feb/2026:06:59:50 +0000] "GET / HTTP/1.1" - -
::1 - - [06/Feb/2026:06:59:50 +0000] "GET /movie HTTP/1.1" - -
::1 - - [06/Feb/2026:06:59:50 +0000] "GET /.well-known/appspecific/com.chrome.devtools.json HTTP/1.1" - -
::1 - - [06/Feb/2026:07:12:14 +0000] "GET / HTTP/1.1" - -
::1 - - [06/Feb/2026:07:12:14 +0000] "GET /movie HTTP/1.1" - -
::1 - - [06/Feb/2026:07:12:31 +0000] "GET /movie HTTP/1.1" - -
::1 - - [06/Feb/2026:07:13:08 +0000] "GET /movie HTTP/1.1" - -
::1 - - [06/Feb/2026:07:13:22 +0000] "GET /movie HTTP/1.1" - -
::1 - - [06/Feb/2026:07:13:38 +0000] "GET /movie HTTP/1.1" - -
::1 - - [06/Feb/2026:08:14:05 +0000] "GET /movie HTTP/1.1" - -
::1 - - [06/Feb/2026:08:14:19 +0000] "GET /movie HTTP/1.1" - -
::1 - - [06/Feb/2026:08:14:22 +0000] "GET /movie/delete2 HTTP/1.1" - -
::1 - - [06/Feb/2026:08:14:34 +0000] "GET /movie/form2 HTTP/1.1" - -
::1 - - [06/Feb/2026:08:14:42 +0000] "GET /movie HTTP/1.1" - -
::1 - - [06/Feb/2026:08:14:44 +0000] "GET /movie/delete/2 HTTP/1.1" - -
::1 - - [06/Feb/2026:08:14:44 +0000] "GET /movie HTTP/1.1" - -
::1 - - [06/Feb/2026:08:14:46 +0000] "GET /movie/form/1 HTTP/1.1" - -
::1 - - [06/Feb/2026:08:14:51 +0000] "POST /movie/save HTTP/1.1" - -
::1 - - [06/Feb/2026:08:14:51 +0000] "GET /movie HTTP/1.1" - -
::1 - - [06/Feb/2026:08:14:53 +0000] "GET /movie/form HTTP/1.1" - -
::1 - - [06/Feb/2026:08:15:02 +0000] "POST /movie/save HTTP/1.1" - -
::1 - - [06/Feb/2026:08:15:02 +0000] "GET /movie HTTP/1.1" - -
::1 - - [06/Feb/2026:08:15:06 +0000] "GET /movie/form/1 HTTP/1.1" - -
::1 - - [06/Feb/2026:08:15:07 +0000] "POST /movie/save HTTP/1.1" - -
::1 - - [06/Feb/2026:08:15:07 +0000] "GET /movie HTTP/1.1" - -
::1 - - [06/Feb/2026:08:15:08 +0000] "GET /movie/delete/1 HTTP/1.1" - -
::1 - - [06/Feb/2026:08:15:08 +0000] "GET /movie HTTP/1.1" - -
::1 - - [06/Feb/2026:08:15:08 +0000] "GET /movie/delete/3 HTTP/1.1" - -
::1 - - [06/Feb/2026:08:15:08 +0000] "GET /movie HTTP/1.1" - -
::1 - - [06/Feb/2026:08:15:09 +0000] "GET /movie/delete/4 HTTP/1.1" - -
::1 - - [06/Feb/2026:08:15:09 +0000] "GET /movie HTTP/1.1" - -
::1 - - [06/Feb/2026:08:15:10 +0000] "GET /movie/form HTTP/1.1" - -
::1 - - [06/Feb/2026:08:15:13 +0000] "POST /movie/save HTTP/1.1" - -
::1 - - [06/Feb/2026:08:15:13 +0000] "GET /movie HTTP/1.1" - -
::1 - - [06/Feb/2026:08:15:36 +0000] "GET /movie HTTP/1.1" - -
::1 - - [06/Feb/2026:08:15:38 +0000] "GET /movie/delete/2 HTTP/1.1" - -
::1 - - [06/Feb/2026:08:15:38 +0000] "GET /movie HTTP/1.1" - -
::1 - - [06/Feb/2026:08:15:38 +0000] "GET /movie/delete/3 HTTP/1.1" - -
::1 - - [06/Feb/2026:08:15:38 +0000] "GET /movie HTTP/1.1" - -
::1 - - [06/Feb/2026:08:15:47 +0000] "GET /movie/form HTTP/1.1" - -
::1 - - [06/Feb/2026:08:15:49 +0000] "POST /movie/save HTTP/1.1" - -
::1 - - [06/Feb/2026:08:15:49 +0000] "GET /movie HTTP/1.1" - -
::1 - - [06/Feb/2026:08:15:51 +0000] "GET /movie/delete/2 HTTP/1.1" - -
::1 - - [06/Feb/2026:08:15:51 +0000] "GET /movie HTTP/1.1" - -
::1 - - [06/Feb/2026:08:15:52 +0000] "GET /movie/delete/1 HTTP/1.1" - -
::1 - - [06/Feb/2026:08:15:52 +0000] "GET /movie HTTP/1.1" - -
::1 - - [06/Feb/2026:08:15:53 +0000] "GET /movie/form HTTP/1.1" - -
::1 - - [06/Feb/2026:08:15:55 +0000] "POST /movie/save HTTP/1.1" - -
::1 - - [06/Feb/2026:08:15:55 +0000] "GET /movie HTTP/1.1" - -
::1 - - [06/Feb/2026:08:15:58 +0000] "GET /movie/delete/-Infinity HTTP/1.1" - -
::1 - - [06/Feb/2026:08:15:58 +0000] "GET /movie HTTP/1.1" - -
::1 - - [06/Feb/2026:08:16:00 +0000] "GET /movie/delete/-Infinity HTTP/1.1" - -
::1 - - [06/Feb/2026:08:16:00 +0000] "GET /movie HTTP/1.1" - -
::1 - - [06/Feb/2026:08:16:01 +0000] "GET /movie/delete/-Infinity HTTP/1.1" - -
::1 - - [06/Feb/2026:08:16:01 +0000] "GET /movie HTTP/1.1" - -
::1 - - [06/Feb/2026:08:16:01 +0000] "GET /movie/delete/-Infinity HTTP/1.1" - -
::1 - - [06/Feb/2026:08:16:01 +0000] "GET /movie HTTP/1.1" - -
::1 - - [06/Feb/2026:08:16:01 +0000] "GET /movie/delete/-Infinity HTTP/1.1" - -
::1 - - [06/Feb/2026:08:16:01 +0000] "GET /movie HTTP/1.1" - -
::1 - - [06/Feb/2026:08:16:02 +0000] "GET /movie/delete/-Infinity HTTP/1.1" - -
::1 - - [06/Feb/2026:08:16:02 +0000] "GET /movie HTTP/1.1" - -
::1 - - [06/Feb/2026:08:16:02 +0000] "GET /movie/delete/-Infinity HTTP/1.1" - -
::1 - - [06/Feb/2026:08:16:02 +0000] "GET /movie HTTP/1.1" - -
::1 - - [06/Feb/2026:08:16:02 +0000] "GET /movie/delete/-Infinity HTTP/1.1" - -
::1 - - [06/Feb/2026:08:16:02 +0000] "GET /movie HTTP/1.1" - -
::1 - - [06/Feb/2026:08:16:02 +0000] "GET /movie/delete/-Infinity HTTP/1.1" - -
::1 - - [06/Feb/2026:08:16:02 +0000] "GET /movie HTTP/1.1" - -
::1 - - [06/Feb/2026:08:16:03 +0000] "GET /movie/form/-Infinity HTTP/1.1" - -
::1 - - [06/Feb/2026:08:16:11 +0000] "GET /movie HTTP/1.1" - -
::1 - - [06/Feb/2026:08:16:13 +0000] "GET /movie/form/1 HTTP/1.1" - -
::1 - - [06/Feb/2026:08:16:15 +0000] "GET /movie/form/1 HTTP/1.1" - -
::1 - - [06/Feb/2026:08:16:23 +0000] "GET /movie/form/11234 HTTP/1.1" - -
::1 - - [08/Feb/2026:06:05:36 +0000] "GET / HTTP/1.1" - -
::1 - - [08/Feb/2026:06:05:36 +0000] "GET /movie HTTP/1.1" - -
::1 - - [08/Feb/2026:06:05:44 +0000] "GET /movie/form HTTP/1.1" - -
::1 - - [08/Feb/2026:06:05:46 +0000] "POST /movie/save HTTP/1.1" - -
::1 - - [08/Feb/2026:06:05:46 +0000] "GET /movie HTTP/1.1" - -
::1 - - [08/Feb/2026:06:05:54 +0000] "GET /movie HTTP/1.1" - -
::1 - - [08/Feb/2026:06:46:16 +0000] "GET / HTTP/1.1" - -
::1 - - [08/Feb/2026:06:46:16 +0000] "GET /movie HTTP/1.1" - -
::1 - - [08/Feb/2026:06:46:38 +0000] "GET /movie HTTP/1.1" - -
::1 - - [08/Feb/2026:06:46:40 +0000] "GET /movie/delete/2 HTTP/1.1" - -
::1 - - [08/Feb/2026:06:46:40 +0000] "GET /movie HTTP/1.1" - -
::1 - - [08/Feb/2026:06:46:41 +0000] "GET /movie/delete/2 HTTP/1.1" - -
::1 - - [08/Feb/2026:06:46:41 +0000] "GET /movie HTTP/1.1" - -
::1 - - [08/Feb/2026:06:46:42 +0000] "GET /movie/delete/2 HTTP/1.1" - -
::1 - - [08/Feb/2026:06:46:42 +0000] "GET /movie HTTP/1.1" - -
::1 - - [08/Feb/2026:06:46:42 +0000] "GET /movie/delete/2 HTTP/1.1" - -
::1 - - [08/Feb/2026:06:46:42 +0000] "GET /movie HTTP/1.1" - -
::1 - - [08/Feb/2026:06:46:43 +0000] "GET /movie/form/2 HTTP/1.1" - -
::1 - - [08/Feb/2026:06:46:49 +0000] "GET /movie/form HTTP/1.1" - -
::1 - - [08/Feb/2026:06:46:51 +0000] "POST /movie/save HTTP/1.1" - -
::1 - - [08/Feb/2026:06:46:52 +0000] "GET /movie HTTP/1.1" - -
::1 - - [08/Feb/2026:08:13:53 +0000] "GET /movie HTTP/1.1" - -
::1 - - [08/Feb/2026:08:13:55 +0000] "GET /movie/form HTTP/1.1" - -
::1 - - [08/Feb/2026:08:14:00 +0000] "POST /movie/save HTTP/1.1" - -
::1 - - [08/Feb/2026:08:14:34 +0000] "GET /movie HTTP/1.1" - -
::1 - - [08/Feb/2026:08:14:43 +0000] "GET /movie/delete/4 HTTP/1.1" - -
::1 - - [08/Feb/2026:08:14:43 +0000] "GET /movie HTTP/1.1" - -
::1 - - [08/Feb/2026:08:14:45 +0000] "GET /movie/form/4 HTTP/1.1" - -
::1 - - [08/Feb/2026:08:14:49 +0000] "GET /movie/form HTTP/1.1" - -
::1 - - [08/Feb/2026:08:14:57 +0000] "POST /movie/save HTTP/1.1" - -
::1 - - [08/Feb/2026:08:14:57 +0000] "GET /movie HTTP/1.1" - -
::1 - - [08/Feb/2026:15:42:58 +0000] "GET /movie HTTP/1.1" - -
::1 - - [08/Feb/2026:15:43:04 +0000] "GET /movie/form/4 HTTP/1.1" - -
::1 - - [08/Feb/2026:15:43:09 +0000] "POST /movie/save HTTP/1.1" - -
::1 - - [08/Feb/2026:15:43:10 +0000] "GET /movie HTTP/1.1" - -
::1 - - [08/Feb/2026:15:43:13 +0000] "GET /movie/delete/4 HTTP/1.1" - -
::1 - - [08/Feb/2026:15:43:13 +0000] "GET /movie HTTP/1.1" - -
::1 - - [08/Feb/2026:15:43:18 +0000] "GET /movie/delete/5 HTTP/1.1" - -
::1 - - [08/Feb/2026:15:43:19 +0000] "GET /movie HTTP/1.1" - -
::1 - - [08/Feb/2026:15:43:20 +0000] "GET /movie/form HTTP/1.1" - -
::1 - - [08/Feb/2026:15:43:24 +0000] "POST /movie/save HTTP/1.1" - -
::1 - - [08/Feb/2026:15:43:25 +0000] "GET /movie HTTP/1.1" - -
::1 - - [08/Feb/2026:15:43:27 +0000] "GET /movie/delete/1 HTTP/1.1" - -
::1 - - [08/Feb/2026:15:43:27 +0000] "GET /movie HTTP/1.1" - -
::1 - - [08/Feb/2026:15:43:28 +0000] "GET /movie/delete/2 HTTP/1.1" - -
::1 - - [08/Feb/2026:15:43:28 +0000] "GET /movie HTTP/1.1" - -
::1 - - [08/Feb/2026:15:43:29 +0000] "GET /movie/delete/3 HTTP/1.1" - -
::1 - - [08/Feb/2026:15:43:29 +0000] "GET /movie HTTP/1.1" - -
::1 - - [08/Feb/2026:15:43:30 +0000] "GET /movie/delete/4 HTTP/1.1" - -
::1 - - [08/Feb/2026:15:43:30 +0000] "GET /movie HTTP/1.1" - -
::1 - - [08/Feb/2026:15:43:31 +0000] "GET /movie/form HTTP/1.1" - -
::1 - - [08/Feb/2026:15:43:34 +0000] "POST /movie/save HTTP/1.1" - -
::1 - - [08/Feb/2026:15:43:35 +0000] "GET /movie HTTP/1.1" - -
::1 - - [08/Feb/2026:15:43:41 +0000] "GET /movie/delete/1 HTTP/1.1" - -
::1 - - [08/Feb/2026:15:43:41 +0000] "GET /movie HTTP/1.1" - -
::1 - - [08/Feb/2026:15:43:42 +0000] "GET /movie/form HTTP/1.1" - -
::1 - - [08/Feb/2026:15:43:45 +0000] "POST /movie/save HTTP/1.1" - -
::1 - - [08/Feb/2026:15:43:46 +0000] "GET /movie HTTP/1.1" - -
::1 - - [08/Feb/2026:15:43:48 +0000] "GET /movie/delete/1 HTTP/1.1" - -
::1 - - [08/Feb/2026:15:43:48 +0000] "GET /movie HTTP/1.1" - -
::1 - - [08/Feb/2026:15:43:50 +0000] "GET /movie/form HTTP/1.1" - -
::1 - - [08/Feb/2026:15:43:52 +0000] "POST /movie/save HTTP/1.1" - -
::1 - - [08/Feb/2026:15:43:53 +0000] "GET /movie HTTP/1.1" - -
::1 - - [08/Feb/2026:15:43:54 +0000] "GET /movie/form HTTP/1.1" - -
::1 - - [08/Feb/2026:15:43:55 +0000] "POST /movie/save HTTP/1.1" - -
::1 - - [08/Feb/2026:15:43:56 +0000] "GET /movie HTTP/1.1" - -
::1 - - [08/Feb/2026:15:43:57 +0000] "GET /movie/form/1 HTTP/1.1" - -
::1 - - [08/Feb/2026:15:44:05 +0000] "POST /movie/save HTTP/1.1" - -
::1 - - [08/Feb/2026:15:44:05 +0000] "GET /movie HTTP/1.1" - -
::1 - - [08/Feb/2026:15:44:07 +0000] "GET /movie/form/2 HTTP/1.1" - -
::1 - - [08/Feb/2026:15:44:20 +0000] "POST /movie/save HTTP/1.1" - -
::1 - - [08/Feb/2026:15:44:20 +0000] "GET /movie HTTP/1.1" - -
::1 - - [13/Feb/2026:21:21:01 +0000] "GET / HTTP/1.1" - -
::1 - - [13/Feb/2026:21:21:01 +0000] "GET /movie HTTP/1.1" - -
::1 - - [13/Feb/2026:21:21:25 +0000] "GET / HTTP/1.1" - -
::1 - - [13/Feb/2026:21:21:25 +0000] "GET /movie HTTP/1.1" - -
::1 - - [13/Feb/2026:21:22:29 +0000] "POST /login HTTP/1.1" - -
::1 - - [13/Feb/2026:21:23:07 +0000] "POST /login HTTP/1.1" - -
::1 - - [13/Feb/2026:21:23:17 +0000] "POST /login HTTP/1.1" - -
::1 - - [13/Feb/2026:21:23:17 +0000] "GET / HTTP/1.1" - -
::1 - - [13/Feb/2026:21:23:17 +0000] "GET /movie HTTP/1.1" - -
::1 - - [13/Feb/2026:21:23:22 +0000] "POST /login HTTP/1.1" - -
::1 - - [13/Feb/2026:21:23:29 +0000] "POST /login HTTP/1.1" - -
::1 - - [13/Feb/2026:21:23:37 +0000] "POST /login HTTP/1.1" - -
::1 - - [13/Feb/2026:21:23:37 +0000] "GET / HTTP/1.1" - -
::1 - - [13/Feb/2026:21:23:37 +0000] "GET /movie HTTP/1.1" - -
::1 - - [13/Feb/2026:21:23:54 +0000] "GET /movie/form/2 HTTP/1.1" - -
::1 - - [13/Feb/2026:21:24:03 +0000] "POST /movie/save HTTP/1.1" - -
::1 - - [13/Feb/2026:21:24:04 +0000] "GET /movie HTTP/1.1" - -
::1 - - [13/Feb/2026:21:24:14 +0000] "GET /.well-known/appspecific/com.chrome.devtools.json HTTP/1.1" - -
::1 - - [13/Feb/2026:21:24:43 +0000] "GET /.well-known/appspecific/com.chrome.devtools.json HTTP/1.1" - -
::1 - - [13/Feb/2026:21:24:53 +0000] "POST /login HTTP/1.1" - -
::1 - - [13/Feb/2026:21:24:53 +0000] "GET / HTTP/1.1" - -
::1 - - [13/Feb/2026:21:24:53 +0000] "GET /movie HTTP/1.1" - -
::1 - - [13/Feb/2026:21:24:53 +0000] "GET /.well-known/appspecific/com.chrome.devtools.json HTTP/1.1" - -
::1 - - [13/Feb/2026:21:24:56 +0000] "GET /.well-known/appspecific/com.chrome.devtools.json HTTP/1.1" - -
::1 - - [13/Feb/2026:21:24:56 +0000] "GET /.well-known/appspecific/com.chrome.devtools.json HTTP/1.1" - -
::1 - - [13/Feb/2026:21:25:00 +0000] "POST /login HTTP/1.1" - -
::1 - - [13/Feb/2026:21:25:00 +0000] "GET /.well-known/appspecific/com.chrome.devtools.json HTTP/1.1" - -
::1 - - [13/Feb/2026:21:25:02 +0000] "POST /login HTTP/1.1" - -
::1 - - [13/Feb/2026:21:25:02 +0000] "GET /.well-known/appspecific/com.chrome.devtools.json HTTP/1.1" - -
::1 - - [14/Feb/2026:06:29:09 +0000] "GET / HTTP/1.1" - -
::1 - - [14/Feb/2026:06:29:09 +0000] "GET /movie HTTP/1.1" - -
::1 - - [14/Feb/2026:06:29:22 +0000] "POST /login HTTP/1.1" - -
::1 - - [14/Feb/2026:06:29:22 +0000] "GET /test.html HTTP/1.1" - -
::1 - - [14/Feb/2026:06:29:40 +0000] "GET /test.html HTTP/1.1" - -
::1 - - [14/Feb/2026:06:29:45 +0000] "POST /login HTTP/1.1" - -
::1 - - [14/Feb/2026:06:29:57 +0000] "POST /login HTTP/1.1" - -
::1 - - [14/Feb/2026:06:30:02 +0000] "POST /login HTTP/1.1" - -
::1 - - [14/Feb/2026:06:30:06 +0000] "GET / HTTP/1.1" - -
::1 - - [14/Feb/2026:06:30:06 +0000] "GET /movie HTTP/1.1" - -
::1 - - [14/Feb/2026:06:42:09 +0000] "GET / HTTP/1.1" - -
::1 - - [14/Feb/2026:06:42:09 +0000] "GET /movie HTTP/1.1" - -
::1 - - [14/Feb/2026:06:42:14 +0000] "GET / HTTP/1.1" - -
::1 - - [14/Feb/2026:06:42:14 +0000] "GET /movie HTTP/1.1" - -
::1 - - [14/Feb/2026:06:42:18 +0000] "POST /login HTTP/1.1" - -
::1 - - [14/Feb/2026:06:42:25 +0000] "POST /login HTTP/1.1" - -
::1 - - [14/Feb/2026:06:42:33 +0000] "POST /login HTTP/1.1" - -
::1 - - [14/Feb/2026:06:42:33 +0000] "GET / HTTP/1.1" - -
::1 - - [14/Feb/2026:06:42:33 +0000] "GET /movie HTTP/1.1" - -
::1 - - [14/Feb/2026:06:42:39 +0000] "GET / HTTP/1.1" - -
::1 - - [14/Feb/2026:06:42:39 +0000] "GET /movie HTTP/1.1" - -
::1 - - [14/Feb/2026:06:49:06 +0000] "GET / HTTP/1.1" - -
::1 - - [14/Feb/2026:06:49:06 +0000] "GET /movie HTTP/1.1" - -
::1 - - [14/Feb/2026:06:49:13 +0000] "POST /login HTTP/1.1" - -
::1 - - [14/Feb/2026:06:49:13 +0000] "GET / HTTP/1.1" - -
::1 - - [14/Feb/2026:06:49:13 +0000] "GET /movie HTTP/1.1" - -
::1 - - [14/Feb/2026:06:49:16 +0000] "GET /logout HTTP/1.1" - -
::1 - - [14/Feb/2026:06:53:30 +0000] "GET / HTTP/1.1" - -
::1 - - [14/Feb/2026:06:53:30 +0000] "GET /movie HTTP/1.1" - -
::1 - - [14/Feb/2026:06:53:35 +0000] "POST /login HTTP/1.1" - -
::1 - - [14/Feb/2026:06:53:35 +0000] "GET / HTTP/1.1" - -
::1 - - [14/Feb/2026:06:53:35 +0000] "GET /movie HTTP/1.1" - -
::1 - - [14/Feb/2026:06:53:37 +0000] "GET /logout HTTP/1.1" - -
::1 - - [14/Feb/2026:07:01:54 +0000] "GET / HTTP/1.1" - -
::1 - - [14/Feb/2026:07:01:54 +0000] "GET /movie HTTP/1.1" - -
::1 - - [14/Feb/2026:07:01:59 +0000] "POST /login HTTP/1.1" - -
::1 - - [14/Feb/2026:07:01:59 +0000] "GET / HTTP/1.1" - -
::1 - - [14/Feb/2026:07:01:59 +0000] "GET /movie HTTP/1.1" - -
::1 - - [14/Feb/2026:07:02:00 +0000] "GET /logout HTTP/1.1" - -
::1 - - [14/Feb/2026:07:02:00 +0000] "GET / HTTP/1.1" - -
::1 - - [14/Feb/2026:07:02:00 +0000] "GET /movie HTTP/1.1" - -
::1 - - [14/Feb/2026:07:02:08 +0000] "POST /login HTTP/1.1" - -
::1 - - [14/Feb/2026:07:02:13 +0000] "POST /login HTTP/1.1" - -
::1 - - [14/Feb/2026:07:02:13 +0000] "GET / HTTP/1.1" - -
::1 - - [14/Feb/2026:07:02:13 +0000] "GET /movie HTTP/1.1" - -
::1 - - [15/Feb/2026:05:06:28 +0000] "GET / HTTP/1.1" - -
::1 - - [15/Feb/2026:05:06:29 +0000] "GET /movie HTTP/1.1" - -
::1 - - [15/Feb/2026:05:06:35 +0000] "POST /login HTTP/1.1" - -
::1 - - [15/Feb/2026:05:07:19 +0000] "POST /login HTTP/1.1" - -
::1 - - [15/Feb/2026:05:07:25 +0000] "POST /login HTTP/1.1" - -
::1 - - [15/Feb/2026:05:07:25 +0000] "GET / HTTP/1.1" - -
::1 - - [15/Feb/2026:05:07:25 +0000] "GET /movie HTTP/1.1" - -
::1 - - [15/Feb/2026:05:07:31 +0000] "GET /logout HTTP/1.1" - -
::1 - - [15/Feb/2026:05:07:31 +0000] "GET / HTTP/1.1" - -
::1 - - [15/Feb/2026:05:07:31 +0000] "GET /movie HTTP/1.1" - -
::1 - - [15/Feb/2026:05:07:46 +0000] "GET / HTTP/1.1" - -
::1 - - [15/Feb/2026:05:07:46 +0000] "GET /movie HTTP/1.1" - -
::1 - - [15/Feb/2026:05:07:52 +0000] "POST /login HTTP/1.1" - -
::1 - - [15/Feb/2026:05:07:52 +0000] "GET / HTTP/1.1" - -
::1 - - [15/Feb/2026:05:07:52 +0000] "GET /movie HTTP/1.1" - -
::1 - - [15/Feb/2026:05:07:54 +0000] "GET /logout HTTP/1.1" - -
::1 - - [15/Feb/2026:05:07:54 +0000] "GET / HTTP/1.1" - -
::1 - - [15/Feb/2026:05:07:54 +0000] "GET /movie HTTP/1.1" - -
::1 - - [15/Feb/2026:05:17:00 +0000] "GET /.well-known/appspecific/com.chrome.devtools.json HTTP/1.1" - -
::1 - - [15/Feb/2026:05:17:04 +0000] "GET /.well-known/appspecific/com.chrome.devtools.json HTTP/1.1" - -
::1 - - [15/Feb/2026:05:17:07 +0000] "POST /login HTTP/1.1" - -
::1 - - [15/Feb/2026:05:17:07 +0000] "GET /.well-known/appspecific/com.chrome.devtools.json HTTP/1.1" - -
::1 - - [15/Feb/2026:05:17:14 +0000] "POST /login HTTP/1.1" - -
::1 - - [15/Feb/2026:05:17:14 +0000] "GET / HTTP/1.1" - -
::1 - - [15/Feb/2026:05:17:14 +0000] "GET /movie HTTP/1.1" - -
::1 - - [15/Feb/2026:05:17:15 +0000] "GET /.well-known/appspecific/com.chrome.devtools.json HTTP/1.1" - -
::1 - - [15/Feb/2026:05:17:22 +0000] "GET /movie/form HTTP/1.1" - -
::1 - - [15/Feb/2026:05:17:22 +0000] "GET /.well-known/appspecific/com.chrome.devtools.json HTTP/1.1" - -
::1 - - [15/Feb/2026:05:17:37 +0000] "POST /movie/save HTTP/1.1" - -
::1 - - [15/Feb/2026:05:17:37 +0000] "GET /movie HTTP/1.1" - -
::1 - - [15/Feb/2026:05:17:37 +0000] "GET /.well-known/appspecific/com.chrome.devtools.json HTTP/1.1" - -
::1 - - [15/Feb/2026:05:17:40 +0000] "GET /movie/delete/3 HTTP/1.1" - -
::1 - - [15/Feb/2026:05:17:40 +0000] "GET /movie HTTP/1.1" - -
::1 - - [15/Feb/2026:05:17:40 +0000] "GET /.well-known/appspecific/com.chrome.devtools.json HTTP/1.1" - -
::1 - - [15/Feb/2026:05:19:36 +0000] "GET /movie HTTP/1.1" - -
::1 - - [15/Feb/2026:05:19:36 +0000] "GET /.well-known/appspecific/com.chrome.devtools.json HTTP/1.1" - -
::1 - - [15/Feb/2026:05:19:53 +0000] "POST /login HTTP/1.1" - -
::1 - - [15/Feb/2026:05:19:53 +0000] "GET / HTTP/1.1" - -
::1 - - [15/Feb/2026:05:19:53 +0000] "GET /movie HTTP/1.1" - -
::1 - - [15/Feb/2026:05:19:53 +0000] "GET /.well-known/appspecific/com.chrome.devtools.json HTTP/1.1" - -
::1 - - [15/Feb/2026:05:20:00 +0000] "GET /logout HTTP/1.1" - -
::1 - - [15/Feb/2026:05:20:00 +0000] "GET / HTTP/1.1" - -
::1 - - [15/Feb/2026:05:20:00 +0000] "GET /movie HTTP/1.1" - -
::1 - - [15/Feb/2026:05:20:00 +0000] "GET /.well-known/appspecific/com.chrome.devtools.json HTTP/1.1" - -
::1 - - [15/Feb/2026:05:59:20 +0000] "GET / HTTP/1.1" - -
::1 - - [15/Feb/2026:05:59:20 +0000] "GET /movie HTTP/1.1" - -
::1 - - [15/Feb/2026:05:59:25 +0000] "POST /login HTTP/1.1" - -
::1 - - [15/Feb/2026:05:59:34 +0000] "POST /login HTTP/1.1" - -
::1 - - [15/Feb/2026:05:59:34 +0000] "GET / HTTP/1.1" - -
::1 - - [15/Feb/2026:05:59:34 +0000] "GET /movie HTTP/1.1" - -
::1 - - [15/Feb/2026:05:59:39 +0000] "GET /movie/form HTTP/1.1" - -
::1 - - [15/Feb/2026:05:59:47 +0000] "POST /movie/save HTTP/1.1" - -
::1 - - [15/Feb/2026:06:00:41 +0000] "GET / HTTP/1.1" - -
::1 - - [15/Feb/2026:06:00:41 +0000] "GET /movie HTTP/1.1" - -
::1 - - [15/Feb/2026:06:00:46 +0000] "POST /login HTTP/1.1" - -
::1 - - [15/Feb/2026:06:00:50 +0000] "POST /login HTTP/1.1" - -
::1 - - [15/Feb/2026:06:00:50 +0000] "GET / HTTP/1.1" - -
::1 - - [15/Feb/2026:06:00:50 +0000] "GET /movie HTTP/1.1" - -
::1 - - [15/Feb/2026:06:00:52 +0000] "GET /movie/form HTTP/1.1" - -
::1 - - [15/Feb/2026:06:00:55 +0000] "POST /movie/save HTTP/1.1" - -
::1 - - [15/Feb/2026:06:15:21 +0000] "GET / HTTP/1.1" - -
::1 - - [15/Feb/2026:06:15:21 +0000] "GET /movie HTTP/1.1" - -
::1 - - [15/Feb/2026:06:15:29 +0000] "POST /login HTTP/1.1" - -
::1 - - [15/Feb/2026:06:15:29 +0000] "GET / HTTP/1.1" - -
::1 - - [15/Feb/2026:06:15:29 +0000] "GET /movie HTTP/1.1" - -
::1 - - [15/Feb/2026:06:15:33 +0000] "GET /movie/form HTTP/1.1" - -
::1 - - [15/Feb/2026:06:15:36 +0000] "POST /movie/save HTTP/1.1" - -
::1 - - [15/Feb/2026:06:15:36 +0000] "GET /movie HTTP/1.1" - -
::1 - - [15/Feb/2026:06:15:43 +0000] "GET /movie/form/4 HTTP/1.1" - -
::1 - - [15/Feb/2026:06:15:52 +0000] "POST /movie/save HTTP/1.1" - -
::1 - - [15/Feb/2026:06:15:52 +0000] "GET /movie HTTP/1.1" - -
::1 - - [15/Feb/2026:06:15:53 +0000] "GET /movie/form HTTP/1.1" - -
::1 - - [15/Feb/2026:06:15:56 +0000] "POST /movie/save HTTP/1.1" - -
::1 - - [15/Feb/2026:06:15:56 +0000] "GET /movie HTTP/1.1" - -
::1 - - [15/Feb/2026:06:15:59 +0000] "GET /movie/delete/5 HTTP/1.1" - -
::1 - - [15/Feb/2026:06:15:59 +0000] "GET /movie HTTP/1.1" - -
::1 - - [15/Feb/2026:06:16:00 +0000] "GET /movie/delete/4 HTTP/1.1" - -
::1 - - [15/Feb/2026:06:16:00 +0000] "GET /movie HTTP/1.1" - -
::1 - - [15/Feb/2026:06:16:01 +0000] "GET /logout HTTP/1.1" - -
::1 - - [15/Feb/2026:06:16:01 +0000] "GET / HTTP/1.1" - -
::1 - - [15/Feb/2026:06:16:01 +0000] "GET /movie HTTP/1.1" - -
::1 - - [15/Feb/2026:06:17:20 +0000] "GET / HTTP/1.1" - -
::1 - - [15/Feb/2026:06:17:20 +0000] "GET /movie HTTP/1.1" - -
::1 - - [15/Feb/2026:06:17:24 +0000] "POST /login HTTP/1.1" - -
::1 - - [15/Feb/2026:06:17:24 +0000] "GET / HTTP/1.1" - -
::1 - - [15/Feb/2026:06:17:24 +0000] "GET /movie HTTP/1.1" - -
::1 - - [15/Feb/2026:06:17:26 +0000] "GET /movie/form HTTP/1.1" - -
::1 - - [15/Feb/2026:06:17:38 +0000] "POST /movie/save HTTP/1.1" - -
::1 - - [15/Feb/2026:06:17:38 +0000] "GET /movie HTTP/1.1" - -
::1 - - [15/Feb/2026:06:17:39 +0000] "GET /movie/form/4 HTTP/1.1" - -
::1 - - [15/Feb/2026:06:17:48 +0000] "POST /movie/save HTTP/1.1" - -
::1 - - [15/Feb/2026:06:17:48 +0000] "GET /movie HTTP/1.1" - -
::1 - - [15/Feb/2026:06:17:49 +0000] "GET /logout HTTP/1.1" - -
::1 - - [15/Feb/2026:06:17:49 +0000] "GET / HTTP/1.1" - -
::1 - - [15/Feb/2026:06:17:49 +0000] "GET /movie HTTP/1.1" - -
::1 - - [15/Feb/2026:06:18:47 +0000] "GET / HTTP/1.1" - -
::1 - - [15/Feb/2026:06:18:47 +0000] "GET /movie HTTP/1.1" - -
::1 - - [15/Feb/2026:06:18:50 +0000] "POST /login HTTP/1.1" - -
::1 - - [15/Feb/2026:06:18:50 +0000] "GET / HTTP/1.1" - -
::1 - - [15/Feb/2026:06:18:50 +0000] "GET /movie HTTP/1.1" - -
::1 - - [15/Feb/2026:06:18:52 +0000] "GET /movie/form/4 HTTP/1.1" - -
::1 - - [15/Feb/2026:06:18:54 +0000] "POST /movie/save HTTP/1.1" - -
::1 - - [15/Feb/2026:06:18:54 +0000] "GET /movie HTTP/1.1" - -
::1 - - [15/Feb/2026:06:18:55 +0000] "GET /movie/form/4 HTTP/1.1" - -
::1 - - [15/Feb/2026:06:19:13 +0000] "GET /movie HTTP/1.1" - -
::1 - - [15/Feb/2026:06:19:19 +0000] "POST /login HTTP/1.1" - -
::1 - - [15/Feb/2026:06:19:19 +0000] "GET / HTTP/1.1" - -
::1 - - [15/Feb/2026:06:19:19 +0000] "GET /movie HTTP/1.1" - -
::1 - - [15/Feb/2026:06:19:21 +0000] "GET /movie/form/4 HTTP/1.1" - -
::1 - - [15/Feb/2026:06:19:22 +0000] "POST /movie/save HTTP/1.1" - -
::1 - - [15/Feb/2026:06:19:22 +0000] "GET /movie HTTP/1.1" - -
::1 - - [15/Feb/2026:06:19:23 +0000] "GET /movie/form/4 HTTP/1.1" - -
::1 - - [15/Feb/2026:06:19:35 +0000] "GET / HTTP/1.1" - -
::1 - - [15/Feb/2026:06:19:35 +0000] "GET /movie HTTP/1.1" - -
::1 - - [15/Feb/2026:06:19:39 +0000] "POST /login HTTP/1.1" - -
::1 - - [15/Feb/2026:06:19:43 +0000] "POST /login HTTP/1.1" - -
::1 - - [15/Feb/2026:06:19:43 +0000] "GET / HTTP/1.1" - -
::1 - - [15/Feb/2026:06:19:43 +0000] "GET /movie HTTP/1.1" - -
::1 - - [15/Feb/2026:06:19:46 +0000] "GET /movie/form/4 HTTP/1.1" - -
::1 - - [15/Feb/2026:06:19:48 +0000] "POST /movie/save HTTP/1.1" - -
::1 - - [15/Feb/2026:06:19:48 +0000] "GET /movie HTTP/1.1" - -
::1 - - [15/Feb/2026:06:19:49 +0000] "GET /movie/form/4 HTTP/1.1" - -
::1 - - [15/Feb/2026:06:19:52 +0000] "POST /movie/save HTTP/1.1" - -
::1 - - [15/Feb/2026:06:19:52 +0000] "GET /movie HTTP/1.1" - -
::1 - - [15/Feb/2026:06:19:53 +0000] "GET /movie/form/4 HTTP/1.1" - -
::1 - - [15/Feb/2026:06:20:15 +0000] "GET / HTTP/1.1" - -
::1 - - [15/Feb/2026:06:20:15 +0000] "GET /movie HTTP/1.1" - -
::1 - - [15/Feb/2026:06:20:18 +0000] "POST /login HTTP/1.1" - -
::1 - - [15/Feb/2026:06:20:18 +0000] "GET / HTTP/1.1" - -
::1 - - [15/Feb/2026:06:20:18 +0000] "GET /movie HTTP/1.1" - -
::1 - - [15/Feb/2026:06:20:20 +0000] "GET /movie/form HTTP/1.1" - -
::1 - - [15/Feb/2026:06:20:35 +0000] "POST /movie/save HTTP/1.1" - -
::1 - - [15/Feb/2026:06:20:35 +0000] "GET /movie HTTP/1.1" - -
::1 - - [15/Feb/2026:06:20:37 +0000] "GET /movie/form/5 HTTP/1.1" - -
::1 - - [15/Feb/2026:06:20:43 +0000] "POST /movie/save HTTP/1.1" - -
::1 - - [15/Feb/2026:06:20:43 +0000] "GET /movie HTTP/1.1" - -
::1 - - [15/Feb/2026:06:20:45 +0000] "GET /movie/form/5 HTTP/1.1" - -
::1 - - [15/Feb/2026:06:20:46 +0000] "POST /movie/save HTTP/1.1" - -
::1 - - [15/Feb/2026:06:20:46 +0000] "GET /movie HTTP/1.1" - -
::1 - - [15/Feb/2026:06:20:48 +0000] "GET /movie/form/5 HTTP/1.1" - -
::1 - - [15/Feb/2026:06:20:50 +0000] "POST /movie/save HTTP/1.1" - -
::1 - - [15/Feb/2026:06:20:50 +0000] "GET /movie HTTP/1.1" - -
::1 - - [15/Feb/2026:06:20:50 +0000] "GET /logout HTTP/1.1" - -
::1 - - [15/Feb/2026:06:20:50 +0000] "GET / HTTP/1.1" - -
::1 - - [15/Feb/2026:06:20:50 +0000] "GET /movie HTTP/1.1" - -
::1 - - [15/Feb/2026:06:25:08 +0000] "GET / HTTP/1.1" - -
::1 - - [15/Feb/2026:06:25:08 +0000] "GET /movie HTTP/1.1" - -
::1 - - [15/Feb/2026:06:25:12 +0000] "POST /login HTTP/1.1" - -
::1 - - [15/Feb/2026:06:25:12 +0000] "GET / HTTP/1.1" - -
::1 - - [15/Feb/2026:06:25:12 +0000] "GET /movie HTTP/1.1" - -
::1 - - [15/Feb/2026:06:25:14 +0000] "GET /movie/form/5 HTTP/1.1" - -
::1 - - [15/Feb/2026:06:25:15 +0000] "POST /movie/save HTTP/1.1" - -
::1 - - [15/Feb/2026:06:25:16 +0000] "GET /movie HTTP/1.1" - -
::1 - - [15/Feb/2026:06:25:17 +0000] "GET /movie/form/5 HTTP/1.1" - -
::1 - - [15/Feb/2026:06:25:18 +0000] "POST /movie/save HTTP/1.1" - -
::1 - - [15/Feb/2026:06:25:18 +0000] "GET /movie HTTP/1.1" - -
::1 - - [15/Feb/2026:06:25:20 +0000] "GET /movie/delete/5 HTTP/1.1" - -
::1 - - [15/Feb/2026:06:25:20 +0000] "GET /movie HTTP/1.1" - -
::1 - - [15/Feb/2026:06:25:21 +0000] "GET /movie/delete/4 HTTP/1.1" - -
::1 - - [15/Feb/2026:06:25:21 +0000] "GET /movie HTTP/1.1" - -
::1 - - [15/Feb/2026:06:25:23 +0000] "GET /logout HTTP/1.1" - -
::1 - - [15/Feb/2026:06:25:23 +0000] "GET / HTTP/1.1" - -
::1 - - [15/Feb/2026:06:25:23 +0000] "GET /movie HTTP/1.1" - -
::1 - - [15/Feb/2026:06:25:28 +0000] "POST /login HTTP/1.1" - -
::1 - - [15/Feb/2026:06:25:28 +0000] "GET / HTTP/1.1" - -
::1 - - [15/Feb/2026:06:25:28 +0000] "GET /movie HTTP/1.1" - -
::1 - - [15/Feb/2026:06:25:32 +0000] "GET /movie/form HTTP/1.1" - -
::1 - - [15/Feb/2026:06:25:51 +0000] "POST /movie/save HTTP/1.1" - -
::1 - - [15/Feb/2026:06:25:51 +0000] "GET /movie HTTP/1.1" - -
::1 - - [15/Feb/2026:06:25:52 +0000] "GET /logout HTTP/1.1" - -
::1 - - [15/Feb/2026:06:25:52 +0000] "GET / HTTP/1.1" - -
::1 - - [15/Feb/2026:06:25:52 +0000] "GET /movie HTTP/1.1" - -
::1 - - [15/Feb/2026:06:29:33 +0000] "GET / HTTP/1.1" - -
::1 - - [15/Feb/2026:06:29:33 +0000] "GET /movie HTTP/1.1" - -
::1 - - [15/Feb/2026:06:29:41 +0000] "POST /login HTTP/1.1" - -
::1 - - [15/Feb/2026:06:29:42 +0000] "GET / HTTP/1.1" - -
::1 - - [15/Feb/2026:06:29:42 +0000] "GET /movie HTTP/1.1" - -
::1 - - [15/Feb/2026:06:29:56 +0000] "GET /movie/delete/4 HTTP/1.1" - -
::1 - - [15/Feb/2026:06:29:57 +0000] "GET /movie HTTP/1.1" - -
::1 - - [15/Feb/2026:06:30:00 +0000] "GET /logout HTTP/1.1" - -
::1 - - [15/Feb/2026:06:30:00 +0000] "GET / HTTP/1.1" - -
::1 - - [15/Feb/2026:06:30:00 +0000] "GET /movie HTTP/1.1" - -
::1 - - [15/Feb/2026:06:37:58 +0000] "GET / HTTP/1.1" - -
::1 - - [15/Feb/2026:06:37:58 +0000] "GET /movie HTTP/1.1" - -
::1 - - [15/Feb/2026:06:38:03 +0000] "POST /login HTTP/1.1" - -
::1 - - [15/Feb/2026:06:38:07 +0000] "POST /login HTTP/1.1" - -
::1 - - [15/Feb/2026:06:38:07 +0000] "GET / HTTP/1.1" - -
::1 - - [15/Feb/2026:06:38:07 +0000] "GET /movie HTTP/1.1" - -
::1 - - [15/Feb/2026:06:38:10 +0000] "GET /movie/form HTTP/1.1" - -
::1 - - [15/Feb/2026:06:38:18 +0000] "POST /movie/save HTTP/1.1" - -
::1 - - [15/Feb/2026:06:38:51 +0000] "GET / HTTP/1.1" - -
::1 - - [15/Feb/2026:06:38:51 +0000] "GET /movie HTTP/1.1" - -
::1 - - [15/Feb/2026:06:38:55 +0000] "POST /login HTTP/1.1" - -
::1 - - [15/Feb/2026:06:38:55 +0000] "GET / HTTP/1.1" - -
::1 - - [15/Feb/2026:06:38:55 +0000] "GET /movie HTTP/1.1" - -
::1 - - [15/Feb/2026:06:38:57 +0000] "GET /movie/form/4 HTTP/1.1" - -
::1 - - [15/Feb/2026:06:38:58 +0000] "POST /movie/save HTTP/1.1" - -
::1 - - [15/Feb/2026:06:38:58 +0000] "GET /movie HTTP/1.1" - -
::1 - - [15/Feb/2026:06:39:02 +0000] "GET /movie/form/4 HTTP/1.1" - -
::1 - - [15/Feb/2026:06:39:04 +0000] "POST /movie/save HTTP/1.1" - -
::1 - - [15/Feb/2026:06:39:04 +0000] "GET /movie HTTP/1.1" - -
::1 - - [15/Feb/2026:06:39:06 +0000] "GET /movie/form/4 HTTP/1.1" - -
::1 - - [15/Feb/2026:06:39:08 +0000] "POST /movie/save HTTP/1.1" - -
::1 - - [15/Feb/2026:06:39:08 +0000] "GET /movie HTTP/1.1" - -
::1 - - [15/Feb/2026:06:39:09 +0000] "GET /movie/form HTTP/1.1" - -
::1 - - [15/Feb/2026:06:39:41 +0000] "POST /movie/save HTTP/1.1" - -
::1 - - [15/Feb/2026:06:39:41 +0000] "GET /movie HTTP/1.1" - -
::1 - - [15/Feb/2026:06:39:45 +0000] "GET /logout HTTP/1.1" - -
::1 - - [15/Feb/2026:06:39:45 +0000] "GET / HTTP/1.1" - -
::1 - - [15/Feb/2026:06:39:45 +0000] "GET /movie HTTP/1.1" - -
::1 - - [15/Feb/2026:18:58:23 +0000] "GET / HTTP/1.1" - -
::1 - - [15/Feb/2026:18:58:23 +0000] "GET /movie HTTP/1.1" - -
::1 - - [15/Feb/2026:18:58:28 +0000] "POST /login HTTP/1.1" - -
::1 - - [15/Feb/2026:18:58:28 +0000] "GET / HTTP/1.1" - -
::1 - - [15/Feb/2026:18:58:28 +0000] "GET /movie HTTP/1.1" - -
::1 - - [15/Feb/2026:18:58:31 +0000] "GET /movie/rate4/3 HTTP/1.1" - -
::1 - - [15/Feb/2026:18:59:14 +0000] "GET /movie HTTP/1.1" - -
::1 - - [15/Feb/2026:18:59:16 +0000] "GET /movie/rate/4/2 HTTP/1.1" - -
::1 - - [15/Feb/2026:18:59:16 +0000] "GET /movie HTTP/1.1" - -
::1 - - [15/Feb/2026:18:59:19 +0000] "GET /movie/rate/4/4 HTTP/1.1" - -
::1 - - [15/Feb/2026:18:59:19 +0000] "GET /movie HTTP/1.1" - -
::1 - - [15/Feb/2026:18:59:20 +0000] "GET /movie/rate/4/5 HTTP/1.1" - -
::1 - - [15/Feb/2026:18:59:20 +0000] "GET /movie HTTP/1.1" - -
::1 - - [15/Feb/2026:18:59:21 +0000] "GET /movie/rate/4/3 HTTP/1.1" - -
::1 - - [15/Feb/2026:18:59:21 +0000] "GET /movie HTTP/1.1" - -
::1 - - [15/Feb/2026:18:59:23 +0000] "GET /movie/rate/5/3 HTTP/1.1" - -
::1 - - [15/Feb/2026:18:59:23 +0000] "GET /movie HTTP/1.1" - -
::1 - - [15/Feb/2026:18:59:24 +0000] "GET /movie/rate/5/5 HTTP/1.1" - -
::1 - - [15/Feb/2026:18:59:24 +0000] "GET /movie HTTP/1.1" - -
::1 - - [15/Feb/2026:18:59:26 +0000] "GET /movie/form/5 HTTP/1.1" - -
::1 - - [15/Feb/2026:18:59:30 +0000] "GET /movie/rate/4/3 HTTP/1.1" - -
::1 - - [15/Feb/2026:18:59:30 +0000] "GET /movie HTTP/1.1" - -
::1 - - [15/Feb/2026:19:03:29 +0000] "GET / HTTP/1.1" - -
::1 - - [15/Feb/2026:19:03:29 +0000] "GET /movie HTTP/1.1" - -
::1 - - [15/Feb/2026:19:03:33 +0000] "POST /login HTTP/1.1" - -
::1 - - [15/Feb/2026:19:03:33 +0000] "GET / HTTP/1.1" - -
::1 - - [15/Feb/2026:19:03:33 +0000] "GET /movie HTTP/1.1" - -
::1 - - [15/Feb/2026:19:03:59 +0000] "GET /movie HTTP/1.1" - -
::1 - - [15/Feb/2026:19:04:01 +0000] "GET /movie/rate/4/5 HTTP/1.1" - -
::1 - - [15/Feb/2026:19:04:01 +0000] "GET /movie HTTP/1.1" - -
::1 - - [15/Feb/2026:19:04:03 +0000] "GET /movie/rate/4/4 HTTP/1.1" - -
::1 - - [15/Feb/2026:19:04:03 +0000] "GET /movie HTTP/1.1" - -
::1 - - [15/Feb/2026:19:04:04 +0000] "GET /movie/rate/4/1 HTTP/1.1" - -
::1 - - [15/Feb/2026:19:04:04 +0000] "GET /movie HTTP/1.1" - -
::1 - - [15/Feb/2026:19:04:06 +0000] "GET /movie/rate/4/1 HTTP/1.1" - -
::1 - - [15/Feb/2026:19:04:06 +0000] "GET /movie HTTP/1.1" - -
::1 - - [15/Feb/2026:19:04:07 +0000] "GET /movie/rate/5/2 HTTP/1.1" - -
::1 - - [15/Feb/2026:19:04:07 +0000] "GET /movie HTTP/1.1" - -
::1 - - [15/Feb/2026:19:04:15 +0000] "GET /logout HTTP/1.1" - -
::1 - - [15/Feb/2026:19:04:15 +0000] "GET / HTTP/1.1" - -
::1 - - [15/Feb/2026:19:04:15 +0000] "GET /movie HTTP/1.1" - -
::1 - - [15/Feb/2026:19:04:19 +0000] "POST /login HTTP/1.1" - -
::ffff:127.0.0.1 - - [17/Feb/2026:11:01:26 +0000] "GET /movie HTTP/1.1" - -
::ffff:127.0.0.1 - - [17/Feb/2026:11:01:35 +0000] "GET / HTTP/1.1" - -
::1 - - [17/Feb/2026:11:01:43 +0000] "GET / HTTP/1.1" - -
::1 - - [17/Feb/2026:11:01:43 +0000] "GET /movie HTTP/1.1" - -
::1 - - [17/Feb/2026:11:01:48 +0000] "GET /.well-known/appspecific/com.chrome.devtools.json HTTP/1.1" - -
::1 - - [17/Feb/2026:11:01:52 +0000] "GET /movie HTTP/1.1" - -
::1 - - [17/Feb/2026:11:01:52 +0000] "GET /.well-known/appspecific/com.chrome.devtools.json HTTP/1.1" - -
::1 - - [17/Feb/2026:11:01:56 +0000] "GET /movie HTTP/1.1" - -
::1 - - [17/Feb/2026:11:01:56 +0000] "GET /.well-known/appspecific/com.chrome.devtools.json HTTP/1.1" - -
::1 - - [17/Feb/2026:11:02:13 +0000] "GET /movie HTTP/1.1" - -
::1 - - [17/Feb/2026:11:02:13 +0000] "GET /.well-known/appspecific/com.chrome.devtools.json HTTP/1.1" - -
::1 - - [17/Feb/2026:11:02:13 +0000] "GET /favicon.ico HTTP/1.1" - -
::1 - - [17/Feb/2026:11:02:29 +0000] "GET /movie HTTP/1.1" - -
::1 - - [17/Feb/2026:11:02:29 +0000] "GET /.well-known/appspecific/com.chrome.devtools.json HTTP/1.1" - -
::1 - - [17/Feb/2026:11:45:28 +0000] "GET / HTTP/1.1" - -
::1 - - [17/Feb/2026:11:45:28 +0000] "GET /movie HTTP/1.1" - -
::1 - - [17/Feb/2026:11:45:45 +0000] "GET /movie/1 HTTP/1.1" - -
::1 - - [17/Feb/2026:11:46:02 +0000] "GET /movie/1 HTTP/1.1" - -
::1 - - [17/Feb/2026:11:46:18 +0000] "GET /movie HTTP/1.1" - -
::1 - - [17/Feb/2026:11:46:22 +0000] "GET /movie/1 HTTP/1.1" - -
::1 - - [17/Feb/2026:11:46:25 +0000] "GET /movie/4 HTTP/1.1" - -
::1 - - [17/Feb/2026:11:51:21 +0000] "GET / HTTP/1.1" - -
::1 - - [17/Feb/2026:11:51:21 +0000] "GET /movie HTTP/1.1" - -
::1 - - [17/Feb/2026:11:51:21 +0000] "GET /favicon.ico HTTP/1.1" - -
::1 - - [17/Feb/2026:11:51:26 +0000] "GET /movie/42 HTTP/1.1" - -
::1 - - [17/Feb/2026:11:54:40 +0000] "GET /movie/42 HTTP/1.1" - -
::1 - - [17/Feb/2026:11:54:41 +0000] "GET /movie/42 HTTP/1.1" - -
::1 - - [17/Feb/2026:11:54:42 +0000] "GET /movie/42 HTTP/1.1" - -
::1 - - [17/Feb/2026:11:54:42 +0000] "GET /movie/42 HTTP/1.1" - -
::1 - - [17/Feb/2026:11:54:54 +0000] "GET /movie/42 HTTP/1.1" - -
::1 - - [17/Feb/2026:11:56:00 +0000] "GET / HTTP/1.1" - -
::1 - - [17/Feb/2026:11:56:01 +0000] "GET /movie HTTP/1.1" - -
::1 - - [17/Feb/2026:11:56:01 +0000] "GET /favicon.ico HTTP/1.1" - -
::1 - - [17/Feb/2026:11:56:04 +0000] "GET /movie/1 HTTP/1.1" - -
::1 - - [17/Feb/2026:11:56:10 +0000] "GET /movie/5 HTTP/1.1" - -
::1 - - [17/Feb/2026:13:12:23 +0000] "GET / HTTP/1.1" - -
::1 - - [17/Feb/2026:13:12:23 +0000] "GET /movie HTTP/1.1" - -
::1 - - [17/Feb/2026:13:12:23 +0000] "GET /.well-known/appspecific/com.chrome.devtools.json HTTP/1.1" - -
::1 - - [17/Feb/2026:13:12:23 +0000] "GET /favicon.ico HTTP/1.1" - -
::1 - - [17/Feb/2026:13:12:27 +0000] "GET /movie HTTP/1.1" - -
::1 - - [17/Feb/2026:13:12:27 +0000] "GET /.well-known/appspecific/com.chrome.devtools.json HTTP/1.1" - -
::1 - - [17/Feb/2026:13:12:33 +0000] "GET /movie/1 HTTP/1.1" - -
::1 - - [17/Feb/2026:13:12:33 +0000] "GET /.well-known/appspecific/com.chrome.devtools.json HTTP/1.1" - -
::1 - - [17/Feb/2026:13:13:10 +0000] "GET /movie/1 HTTP/1.1" - -
::1 - - [17/Feb/2026:13:13:10 +0000] "GET /.well-known/appspecific/com.chrome.devtools.json HTTP/1.1" - -
::1 - - [17/Feb/2026:13:13:15 +0000] "GET /movie/1 HTTP/1.1" - -
::1 - - [17/Feb/2026:13:13:15 +0000] "GET /.well-known/appspecific/com.chrome.devtools.json HTTP/1.1" - -
::1 - - [17/Feb/2026:13:13:52 +0000] "GET /movie HTTP/1.1" - -
::1 - - [17/Feb/2026:13:13:52 +0000] "GET /.well-known/appspecific/com.chrome.devtools.json HTTP/1.1" - -
::1 - - [17/Feb/2026:13:13:57 +0000] "GET /movie/1 HTTP/1.1" - -
::1 - - [17/Feb/2026:13:13:57 +0000] "GET /.well-known/appspecific/com.chrome.devtools.json HTTP/1.1" - -
::1 - - [17/Feb/2026:13:14:00 +0000] "GET /movie/4 HTTP/1.1" - -
::1 - - [17/Feb/2026:13:14:00 +0000] "GET /.well-known/appspecific/com.chrome.devtools.json HTTP/1.1" - -
::1 - - [17/Feb/2026:13:14:59 +0000] "GET / HTTP/1.1" - -
::1 - - [17/Feb/2026:13:14:59 +0000] "GET /movie HTTP/1.1" - -
::1 - - [17/Feb/2026:13:14:59 +0000] "GET /.well-known/appspecific/com.chrome.devtools.json HTTP/1.1" - -
::1 - - [17/Feb/2026:13:15:17 +0000] "GET /movie HTTP/1.1" - -
::1 - - [17/Feb/2026:13:15:17 +0000] "GET /.well-known/appspecific/com.chrome.devtools.json HTTP/1.1" - -
::1 - - [17/Feb/2026:13:18:52 +0000] "GET /movie HTTP/1.1" - -
::1 - - [17/Feb/2026:13:18:52 +0000] "GET /.well-known/appspecific/com.chrome.devtools.json HTTP/1.1" - -
::1 - - [17/Feb/2026:13:18:55 +0000] "GET / HTTP/1.1" - -
::1 - - [17/Feb/2026:13:18:55 +0000] "GET /movie HTTP/1.1" - -
::1 - - [17/Feb/2026:13:18:55 +0000] "GET /.well-known/appspecific/com.chrome.devtools.json HTTP/1.1" - -
::1 - - [17/Feb/2026:13:19:01 +0000] "GET /movie/asdfasdf HTTP/1.1" - -
::1 - - [17/Feb/2026:13:19:01 +0000] "GET /.well-known/appspecific/com.chrome.devtools.json HTTP/1.1" - -
::1 - - [17/Feb/2026:13:19:55 +0000] "GET /movie/asdfasdf HTTP/1.1" - -
::1 - - [17/Feb/2026:13:19:55 +0000] "GET /.well-known/appspecific/com.chrome.devtools.json HTTP/1.1" - -
::1 - - [17/Feb/2026:13:20:05 +0000] "GET /movie/asdfasdf HTTP/1.1" - -
::1 - - [17/Feb/2026:13:20:05 +0000] "GET /.well-known/appspecific/com.chrome.devtools.json HTTP/1.1" - -
::1 - - [17/Feb/2026:13:20:06 +0000] "GET /movie/asdfasdf HTTP/1.1" - -
::1 - - [17/Feb/2026:13:20:06 +0000] "GET /.well-known/appspecific/com.chrome.devtools.json HTTP/1.1" - -
::1 - - [17/Feb/2026:13:20:07 +0000] "GET /movie/asdfasdf HTTP/1.1" - -
::1 - - [17/Feb/2026:13:20:07 +0000] "GET /.well-known/appspecific/com.chrome.devtools.json HTTP/1.1" - -
::1 - - [17/Feb/2026:13:20:07 +0000] "GET /movie/asdfasdf HTTP/1.1" - -
::1 - - [17/Feb/2026:13:20:07 +0000] "GET /.well-known/appspecific/com.chrome.devtools.json HTTP/1.1" - -
::1 - - [17/Feb/2026:13:20:07 +0000] "GET /movie/asdfasdf HTTP/1.1" - -
::1 - - [17/Feb/2026:13:20:07 +0000] "GET /.well-known/appspecific/com.chrome.devtools.json HTTP/1.1" - -
::1 - - [17/Feb/2026:13:20:08 +0000] "GET /movie/asdfasdf HTTP/1.1" - -
::1 - - [17/Feb/2026:13:20:08 +0000] "GET /.well-known/appspecific/com.chrome.devtools.json HTTP/1.1" - -
::1 - - [17/Feb/2026:13:20:08 +0000] "GET /movie/asdfasdf HTTP/1.1" - -
::1 - - [17/Feb/2026:13:20:08 +0000] "GET /.well-known/appspecific/com.chrome.devtools.json HTTP/1.1" - -
::1 - - [17/Feb/2026:13:20:11 +0000] "GET /movie/asdfasdf HTTP/1.1" - -
::1 - - [17/Feb/2026:13:20:11 +0000] "GET /.well-known/appspecific/com.chrome.devtools.json HTTP/1.1" - -
::1 - - [17/Feb/2026:13:20:36 +0000] "GET /movie/asdfasdf HTTP/1.1" - -
::1 - - [17/Feb/2026:13:20:36 +0000] "GET /.well-known/appspecific/com.chrome.devtools.json HTTP/1.1" - -
::1 - - [17/Feb/2026:13:20:53 +0000] "GET /movie/asdfasdf HTTP/1.1" - -
::1 - - [17/Feb/2026:13:20:53 +0000] "GET /.well-known/appspecific/com.chrome.devtools.json HTTP/1.1" - -
::ffff:127.0.0.1 - - [17/Feb/2026:17:07:08 +0000] "GET / HTTP/1.1" - -
::ffff:127.0.0.1 - - [17/Feb/2026:17:07:15 +0000] "GET /movie HTTP/1.1" - -
::1 - - [17/Feb/2026:17:07:41 +0000] "GET / HTTP/1.1" - -
::1 - - [17/Feb/2026:17:07:41 +0000] "GET /movie HTTP/1.1" - -
::1 - - [17/Feb/2026:17:07:41 +0000] "GET /favicon.ico HTTP/1.1" - -
::1 - - [17/Feb/2026:17:07:43 +0000] "GET /.well-known/appspecific/com.chrome.devtools.json HTTP/1.1" - -
::ffff:127.0.0.1 - - [17/Feb/2026:17:16:00 +0000] "GET /movie?sort=desc HTTP/1.1" - -
::ffff:127.0.0.1 - - [17/Feb/2026:17:16:21 +0000] "GET /movie HTTP/1.1" - -
::ffff:127.0.0.1 - - [17/Feb/2026:17:16:43 +0000] "GET /movie/?sort=asc HTTP/1.1" - -
::ffff:127.0.0.1 - - [17/Feb/2026:17:16:48 +0000] "GET /movie/?soasdfa HTTP/1.1" - -
::ffff:127.0.0.1 - - [17/Feb/2026:17:16:53 +0000] "GET /movie/?sort=desc HTTP/1.1" - -
::ffff:127.0.0.1 - - [17/Feb/2026:17:16:57 +0000] "GET /movie/?sort=desc HTTP/1.1" - -
::ffff:127.0.0.1 - - [17/Feb/2026:17:16:58 +0000] "GET /movie/?sort=desc HTTP/1.1" - -
::ffff:127.0.0.1 - - [17/Feb/2026:19:21:42 +0000] "GET /movie HTTP/1.1" - -
::ffff:127.0.0.1 - - [17/Feb/2026:19:21:57 +0000] "GET /movie HTTP/1.1" - -
::ffff:127.0.0.1 - - [17/Feb/2026:19:22:42 +0000] "GET /movie/?sort=asc HTTP/1.1" - -
::ffff:127.0.0.1 - - [18/Feb/2026:04:42:00 +0000] "POST /movie HTTP/1.1" - -
::ffff:127.0.0.1 - - [18/Feb/2026:04:42:46 +0000] "POST /movie HTTP/1.1" - -
::ffff:127.0.0.1 - - [18/Feb/2026:04:43:29 +0000] "POST /movie HTTP/1.1" - -
::ffff:127.0.0.1 - - [18/Feb/2026:04:44:14 +0000] "POST /movie HTTP/1.1" - -
::ffff:127.0.0.1 - - [18/Feb/2026:04:44:21 +0000] "POST /movie HTTP/1.1" - -
::ffff:127.0.0.1 - - [18/Feb/2026:04:44:35 +0000] "GET / HTTP/1.1" - -
::ffff:127.0.0.1 - - [18/Feb/2026:04:44:37 +0000] "GET / HTTP/1.1" - -
::ffff:127.0.0.1 - - [18/Feb/2026:04:44:37 +0000] "GET /movie HTTP/1.1" - -
::ffff:127.0.0.1 - - [18/Feb/2026:04:44:57 +0000] "GET /movie HTTP/1.1" - -
::ffff:127.0.0.1 - - [18/Feb/2026:04:46:22 +0000] "GET /movie HTTP/1.1" - -
::ffff:127.0.0.1 - - [18/Feb/2026:04:46:25 +0000] "GET /movie HTTP/1.1" - -
::ffff:127.0.0.1 - - [18/Feb/2026:04:47:18 +0000] "GET /movie/?sort=asc HTTP/1.1" - -
::ffff:127.0.0.1 - - [19/Feb/2026:07:35:46 +0000] "GET / HTTP/1.1" - -
::ffff:127.0.0.1 - - [19/Feb/2026:07:35:53 +0000] "GET /movie HTTP/1.1" - -
::ffff:127.0.0.1 - - [19/Feb/2026:07:37:42 +0000] "PUT /movie/4 HTTP/1.1" - -
::ffff:127.0.0.1 - - [19/Feb/2026:07:40:03 +0000] "PUT /movie/4 HTTP/1.1" - -
::ffff:127.0.0.1 - - [19/Feb/2026:08:47:32 +0000] "PUT /movie/4 HTTP/1.1" - -
::ffff:127.0.0.1 - - [19/Feb/2026:08:47:38 +0000] "GET /movie HTTP/1.1" - -
::ffff:127.0.0.1 - - [19/Feb/2026:08:48:45 +0000] "PUT /movie/4 HTTP/1.1" - -
::ffff:127.0.0.1 - - [19/Feb/2026:08:48:47 +0000] "GET /movie HTTP/1.1" - -
::ffff:127.0.0.1 - - [19/Feb/2026:08:49:41 +0000] "PUT /movie/4 HTTP/1.1" - -
::ffff:127.0.0.1 - - [19/Feb/2026:08:49:51 +0000] "GET /movie HTTP/1.1" - -
::ffff:127.0.0.1 - - [19/Feb/2026:08:50:32 +0000] "PUT /movie/4 HTTP/1.1" - -
::ffff:127.0.0.1 - - [19/Feb/2026:08:51:10 +0000] "PUT /movie/4 HTTP/1.1" - -
::ffff:127.0.0.1 - - [19/Feb/2026:08:51:53 +0000] "PUT /movie/4 HTTP/1.1" - -
::ffff:127.0.0.1 - - [19/Feb/2026:08:52:25 +0000] "PUT /movie/4 HTTP/1.1" - -
::ffff:127.0.0.1 - - [19/Feb/2026:08:52:32 +0000] "GET /movie HTTP/1.1" - -
::ffff:127.0.0.1 - - [19/Feb/2026:08:52:57 +0000] "GET /movie HTTP/1.1" - -
::ffff:127.0.0.1 - - [19/Feb/2026:08:53:16 +0000] "PUT /movie/4 HTTP/1.1" - -
::ffff:127.0.0.1 - - [19/Feb/2026:08:53:35 +0000] "PUT /movie/4 HTTP/1.1" - -
::ffff:127.0.0.1 - - [19/Feb/2026:08:54:03 +0000] "PUT /movie/4 HTTP/1.1" - -
::ffff:127.0.0.1 - - [19/Feb/2026:08:55:39 +0000] "PUT /movie/4 HTTP/1.1" - -
::ffff:127.0.0.1 - - [19/Feb/2026:08:56:41 +0000] "PUT /movie/4 HTTP/1.1" - -
::ffff:127.0.0.1 - - [19/Feb/2026:08:56:55 +0000] "GET /movie HTTP/1.1" - -
::ffff:127.0.0.1 - - [19/Feb/2026:08:59:31 +0000] "PUT /movie/4 HTTP/1.1" - -
::ffff:127.0.0.1 - - [19/Feb/2026:09:01:36 +0000] "PUT /movie/4 HTTP/1.1" - -
::ffff:127.0.0.1 - - [19/Feb/2026:09:13:11 +0000] "PUT /movie/4 HTTP/1.1" - -
::ffff:127.0.0.1 - - [19/Feb/2026:09:15:29 +0000] "PUT /movie/4 HTTP/1.1" - -
::ffff:127.0.0.1 - - [19/Feb/2026:09:15:39 +0000] "GET /movie HTTP/1.1" - -
::ffff:127.0.0.1 - - [19/Feb/2026:09:15:51 +0000] "GET /movie HTTP/1.1" - -
::ffff:127.0.0.1 - - [19/Feb/2026:09:17:05 +0000] "PUT /movie/4 HTTP/1.1" - -
::ffff:127.0.0.1 - - [19/Feb/2026:09:17:12 +0000] "GET /movie HTTP/1.1" - -
::ffff:127.0.0.1 - - [19/Feb/2026:09:44:31 +0000] "GET /movie HTTP/1.1" - -
::ffff:127.0.0.1 - - [19/Feb/2026:09:44:52 +0000] "DELETE /movie/4 HTTP/1.1" - -
::ffff:127.0.0.1 - - [19/Feb/2026:09:52:45 +0000] "GET /movie HTTP/1.1" - -
::ffff:127.0.0.1 - - [19/Feb/2026:09:52:49 +0000] "DELETE /movie/4 HTTP/1.1" - -
::ffff:127.0.0.1 - - [19/Feb/2026:09:52:52 +0000] "GET /movie HTTP/1.1" - -
::ffff:127.0.0.1 - - [19/Feb/2026:09:52:57 +0000] "DELETE /movie/5 HTTP/1.1" - -
::ffff:127.0.0.1 - - [19/Feb/2026:09:53:00 +0000] "GET /movie HTTP/1.1" - -
::ffff:127.0.0.1 - - [19/Feb/2026:13:02:47 +0000] "POST /login HTTP/1.1" - -
::ffff:127.0.0.1 - - [19/Feb/2026:13:03:02 +0000] "POST /login HTTP/1.1" - -
::ffff:127.0.0.1 - - [19/Feb/2026:13:06:50 +0000] "POST /login HTTP/1.1" - -
::ffff:127.0.0.1 - - [19/Feb/2026:13:06:52 +0000] "POST /login HTTP/1.1" - -
::ffff:127.0.0.1 - - [19/Feb/2026:13:11:09 +0000] "POST /login HTTP/1.1" - -
::ffff:127.0.0.1 - - [19/Feb/2026:13:11:27 +0000] "POST /login HTTP/1.1" - -
::ffff:127.0.0.1 - - [19/Feb/2026:13:11:28 +0000] "POST /login HTTP/1.1" - -
::ffff:127.0.0.1 - - [19/Feb/2026:13:11:29 +0000] "POST /login HTTP/1.1" - -
::ffff:127.0.0.1 - - [19/Feb/2026:13:11:31 +0000] "POST /login HTTP/1.1" - -
::ffff:127.0.0.1 - - [19/Feb/2026:13:36:32 +0000] "POST /login HTTP/1.1" - -
::ffff:127.0.0.1 - - [19/Feb/2026:13:37:31 +0000] "GET /movie HTTP/1.1" - -
::ffff:127.0.0.1 - - [19/Feb/2026:13:37:58 +0000] "POST /login HTTP/1.1" - -
::ffff:127.0.0.1 - - [19/Feb/2026:13:39:49 +0000] "POST /login HTTP/1.1" - -
::ffff:127.0.0.1 - - [19/Feb/2026:13:40:03 +0000] "GET /movie HTTP/1.1" - -
::ffff:127.0.0.1 - - [19/Feb/2026:13:40:13 +0000] "GET /movie HTTP/1.1" - -
::ffff:127.0.0.1 - - [19/Feb/2026:13:40:15 +0000] "GET /movie HTTP/1.1" - -
::ffff:127.0.0.1 - - [19/Feb/2026:13:40:17 +0000] "GET /movie HTTP/1.1" - -
::ffff:127.0.0.1 - - [19/Feb/2026:13:40:39 +0000] "GET /movie HTTP/1.1" - -
::ffff:127.0.0.1 - - [19/Feb/2026:13:46:31 +0000] "POST /login HTTP/1.1" - -
::ffff:127.0.0.1 - - [19/Feb/2026:13:47:04 +0000] "GET /movie HTTP/1.1" - -
::ffff:127.0.0.1 - - [19/Feb/2026:13:47:08 +0000] "GET /movie HTTP/1.1" - -
::ffff:127.0.0.1 - - [19/Feb/2026:13:47:27 +0000] "GET /movie HTTP/1.1" - -
::ffff:127.0.0.1 - - [19/Feb/2026:20:40:54 +0000] "GET /movie HTTP/1.1" - -
::ffff:127.0.0.1 - - [19/Feb/2026:20:41:08 +0000] "POST /login HTTP/1.1" - -
::ffff:127.0.0.1 - - [19/Feb/2026:20:42:08 +0000] "GET /movie HTTP/1.1" - -
::ffff:127.0.0.1 - - [19/Feb/2026:20:42:17 +0000] "GET /movie HTTP/1.1" - -
::ffff:127.0.0.1 - - [19/Feb/2026:20:47:48 +0000] "POST /login HTTP/1.1" - -
::ffff:127.0.0.1 - - [19/Feb/2026:20:48:11 +0000] "GET /movie HTTP/1.1" - -
::ffff:127.0.0.1 - - [19/Feb/2026:20:49:12 +0000] "GET /movie HTTP/1.1" - -
::ffff:127.0.0.1 - - [19/Feb/2026:20:58:53 +0000] "GET /movie/4 HTTP/1.1" - -
::ffff:127.0.0.1 - - [19/Feb/2026:20:58:55 +0000] "GET /movie/1 HTTP/1.1" - -
::ffff:127.0.0.1 - - [19/Feb/2026:21:18:00 +0000] "POST /login HTTP/1.1" - -
::ffff:127.0.0.1 - - [19/Feb/2026:21:18:28 +0000] "GET /movie HTTP/1.1" - -
::ffff:127.0.0.1 - - [19/Feb/2026:21:18:41 +0000] "GET /movie HTTP/1.1" - -
::ffff:127.0.0.1 - - [19/Feb/2026:21:20:16 +0000] "GET /movie HTTP/1.1" - -
::ffff:127.0.0.1 - - [19/Feb/2026:21:24:06 +0000] "POST /login HTTP/1.1" - -
::ffff:127.0.0.1 - - [19/Feb/2026:21:24:32 +0000] "GET /movie HTTP/1.1" - -
::ffff:127.0.0.1 - - [19/Feb/2026:21:29:43 +0000] "POST /login HTTP/1.1" - -
::ffff:127.0.0.1 - - [19/Feb/2026:21:30:11 +0000] "GET /movie HTTP/1.1" - -
::ffff:127.0.0.1 - - [19/Feb/2026:21:51:06 +0000] "POST /login HTTP/1.1" - -
::ffff:127.0.0.1 - - [19/Feb/2026:21:51:46 +0000] "GET /movie HTTP/1.1" - -
::ffff:127.0.0.1 - - [19/Feb/2026:21:51:51 +0000] "GET /movie HTTP/1.1" - -
::ffff:127.0.0.1 - - [19/Feb/2026:21:52:52 +0000] "DELETE /movie/asdf HTTP/1.1" - -
::ffff:127.0.0.1 - - [19/Feb/2026:21:53:16 +0000] "DELETE /movie/1 HTTP/1.1" - -
::ffff:127.0.0.1 - - [19/Feb/2026:21:53:20 +0000] "GET /movie HTTP/1.1" - -
::ffff:127.0.0.1 - - [19/Feb/2026:21:53:27 +0000] "DELETE /movie/asdf HTTP/1.1" - -
::ffff:127.0.0.1 - - [19/Feb/2026:21:53:31 +0000] "DELETE /movie/ HTTP/1.1" - -
::ffff:127.0.0.1 - - [19/Feb/2026:21:53:36 +0000] "DELETE /movie/2/2 HTTP/1.1" - -
::ffff:127.0.0.1 - - [19/Feb/2026:21:53:43 +0000] "DELETE /movie/2 HTTP/1.1" - -
::ffff:127.0.0.1 - - [19/Feb/2026:21:53:50 +0000] "DELETE /movie/11 HTTP/1.1" - -
::ffff:127.0.0.1 - - [24/Feb/2026:05:51:17 +0000] "GET / HTTP/1.1" - -
::ffff:127.0.0.1 - - [24/Feb/2026:05:51:22 +0000] "GET /movie HTTP/1.1" - -
